Using pre-set license
Built from '2021.3/staging' branch; Version is '2021.3.1f1 (3b70a0754835) revision 3895456'; Using compiler version '192829333'; Build Type 'Release'
OS: 'Windows 11  (10.0.22000) 64bit Education' Language: 'en' Physical Memory: 16293 MB
BatchMode: 1, IsHumanControllingUs: 0, StartBugReporterOnCrash: 0, Is64bit: 1, IsPro: 1

COMMAND LINE ARGUMENTS:
C:\Program Files\Unity\Hub\Editor\2021.3.1f1\Editor\Unity.exe
-adb2
-batchMode
-noUpm
-name
AssetImportWorker2
-projectPath
C:/Users/Ethan/workspace/MalletKeyboard
-logFile
Logs/AssetImportWorker2.log
-srvPort
56010
Successfully changed project path to: C:/Users/Ethan/workspace/MalletKeyboard
C:/Users/Ethan/workspace/MalletKeyboard
[UnityMemory] Configuration Parameters - Can be set up in boot.config
    "memorysetup-bucket-allocator-granularity=16"
    "memorysetup-bucket-allocator-bucket-count=8"
    "memorysetup-bucket-allocator-block-size=33554432"
    "memorysetup-bucket-allocator-block-count=8"
    "memorysetup-main-allocator-block-size=16777216"
    "memorysetup-thread-allocator-block-size=16777216"
    "memorysetup-gfx-main-allocator-block-size=16777216"
    "memorysetup-gfx-thread-allocator-block-size=16777216"
    "memorysetup-cache-allocator-block-size=4194304"
    "memorysetup-typetree-allocator-block-size=2097152"
    "memorysetup-profiler-bucket-allocator-granularity=16"
    "memorysetup-profiler-bucket-allocator-bucket-count=8"
    "memorysetup-profiler-bucket-allocator-block-size=33554432"
    "memorysetup-profiler-bucket-allocator-block-count=8"
    "memorysetup-profiler-allocator-block-size=16777216"
    "memorysetup-profiler-editor-allocator-block-size=1048576"
    "memorysetup-temp-allocator-size-main=16777216"
    "memorysetup-job-temp-allocator-block-size=2097152"
    "memorysetup-job-temp-allocator-block-size-background=1048576"
    "memorysetup-job-temp-allocator-reduction-small-platforms=262144"
    "memorysetup-temp-allocator-size-background-worker=32768"
    "memorysetup-temp-allocator-size-job-worker=262144"
    "memorysetup-temp-allocator-size-preload-manager=33554432"
    "memorysetup-temp-allocator-size-nav-mesh-worker=65536"
    "memorysetup-temp-allocator-size-audio-worker=65536"
    "memorysetup-temp-allocator-size-cloud-worker=32768"
    "memorysetup-temp-allocator-size-gi-baking-worker=262144"
    "memorysetup-temp-allocator-size-gfx=262144"
Refreshing native plugins compatible for Editor in 111.48 ms, found 11 plugins.
Preloading 1 native plugins for Editor in 1.60 ms.
Initialize engine version: 2021.3.1f1 (3b70a0754835)
[Subsystems] Discovering subsystems at path C:/Program Files/Unity/Hub/Editor/2021.3.1f1/Editor/Data/Resources/UnitySubsystems
[Subsystems] Discovering subsystems at path C:/Users/Ethan/workspace/MalletKeyboard/Assets
GfxDevice: creating device client; threaded=0; jobified=0
Direct3D:
    Version:  Direct3D 11.0 [level 11.1]
    Renderer: AMD Radeon RX 6800 XT (ID=0x73bf)
    Vendor:   ATI
    VRAM:     16337 MB
    Driver:   30.0.15021.1001
Initialize mono
Mono path[0] = 'C:/Program Files/Unity/Hub/Editor/2021.3.1f1/Editor/Data/Managed'
Mono path[1] = 'C:/Program Files/Unity/Hub/Editor/2021.3.1f1/Editor/Data/MonoBleedingEdge/lib/mono/unityjit-win32'
Mono config path = 'C:/Program Files/Unity/Hub/Editor/2021.3.1f1/Editor/Data/MonoBleedingEdge/etc'
Using monoOptions --debugger-agent=transport=dt_socket,embedding=1,server=y,suspend=n,address=127.0.0.1:56176
Begin MonoManager ReloadAssembly
Registering precompiled unity dll's ...
Register platform support module: C:/Program Files/Unity/Hub/Editor/2021.3.1f1/Editor/Data/PlaybackEngines/AndroidPlayer/UnityEditor.Android.Extensions.dll
Register platform support module: C:/Program Files/Unity/Hub/Editor/2021.3.1f1/Editor/Data/PlaybackEngines/WindowsStandaloneSupport/UnityEditor.WindowsStandalone.Extensions.dll
Registered in 0.004092 seconds.
Native extension for WindowsStandalone target not found
Native extension for Android target not found
Refreshing native plugins compatible for Editor in 32.03 ms, found 11 plugins.
Preloading 1 native plugins for Editor in 0.08 ms.
Mono: successfully reloaded assembly
- Completed reload, in  0.489 seconds
Domain Reload Profiling:
	ReloadAssembly (490ms)
		BeginReloadAssembly (55ms)
			ExecutionOrderSort (0ms)
			DisableScriptedObjects (0ms)
			BackupInstance (0ms)
			ReleaseScriptingObjects (0ms)
			CreateAndSetChildDomain (1ms)
		EndReloadAssembly (344ms)
			LoadAssemblies (54ms)
			RebuildTransferFunctionScriptingTraits (0ms)
			SetupTypeCache (81ms)
			ReleaseScriptCaches (0ms)
			RebuildScriptCaches (24ms)
			SetupLoadedEditorAssemblies (198ms)
				LogAssemblyErrors (0ms)
				InitializePlatformSupportModulesInManaged (50ms)
				SetLoadedEditorAssemblies (0ms)
				RefreshPlugins (32ms)
				BeforeProcessingInitializeOnLoad (1ms)
				ProcessInitializeOnLoadAttributes (79ms)
				ProcessInitializeOnLoadMethodAttributes (35ms)
				AfterProcessingInitializeOnLoad (0ms)
				EditorAssembliesLoaded (0ms)
			ExecutionOrderSort2 (0ms)
			AwakeInstancesAfterBackupRestoration (0ms)
Platform modules already initialized, skipping
Registering precompiled user dll's ...
Registered in 0.005053 seconds.
Begin MonoManager ReloadAssembly
Native extension for WindowsStandalone target not found
Native extension for Android target not found
Refreshing native plugins compatible for Editor in 30.72 ms, found 11 plugins.
Preloading 1 native plugins for Editor in 0.07 ms.
Package Manager log level set to [2]
System.Reflection.TargetInvocationException: Exception has been thrown by the target of an invocation. ---> System.NullReferenceException: Object reference not set to an instance of an object
  at Unity.XR.Oculus.OculusLoader.AssetPathToAbsolutePath (System.String assetPath) [0x0003d] in C:\Users\Ethan\workspace\MalletKeyboard\Library\PackageCache\com.unity.xr.oculus@3.0.1\Runtime\OculusLoader.cs:257 
  at Unity.XR.Oculus.OculusLoader.EditorLoadOVRPlugin () [0x0007b] in C:\Users\Ethan\workspace\MalletKeyboard\Library\PackageCache\com.unity.xr.oculus@3.0.1\Runtime\OculusLoader.cs:242 
  at (wrapper managed-to-native) System.Reflection.RuntimeMethodInfo.InternalInvoke(System.Reflection.RuntimeMethodInfo,object,object[],System.Exception&)
  at System.Reflection.RuntimeMethodInfo.Invoke (System.Object obj, System.Reflection.BindingFlags invokeAttr, System.Reflection.Binder binder, System.Object[] parameters, System.Globalization.CultureInfo culture) [0x0006a] in <6073cf49ed704e958b8a66d540dea948>:0 
   --- End of inner exception stack trace ---
  at System.Reflection.RuntimeMethodInfo.Invoke (System.Object obj, System.Reflection.BindingFlags invokeAttr, System.Reflection.Binder binder, System.Object[] parameters, System.Globalization.CultureInfo culture) [0x00083] in <6073cf49ed704e958b8a66d540dea948>:0 
  at System.Reflection.MethodBase.Invoke (System.Object obj, System.Object[] parameters) [0x00000] in <6073cf49ed704e958b8a66d540dea948>:0 
  at UnityEditor.EditorAssemblies.ProcessInitializeOnLoadMethodAttributes () [0x000a5] in <1135c66e5f4c41a7831fa5798849d8b6>:0 
UnityEngine.StackTraceUtility:ExtractStackTrace ()
UnityEngine.DebugLogHandler:LogFormat (UnityEngine.LogType,UnityEngine.Object,string,object[])
UnityEngine.Logger:Log (UnityEngine.LogType,object)
UnityEngine.Debug:LogError (object)
UnityEditor.EditorAssemblies:ProcessInitializeOnLoadMethodAttributes ()

Mono: successfully reloaded assembly
- Completed reload, in  0.889 seconds
Domain Reload Profiling:
	ReloadAssembly (890ms)
		BeginReloadAssembly (197ms)
			ExecutionOrderSort (0ms)
			DisableScriptedObjects (5ms)
			BackupInstance (0ms)
			ReleaseScriptingObjects (0ms)
			CreateAndSetChildDomain (121ms)
		EndReloadAssembly (602ms)
			LoadAssemblies (52ms)
			RebuildTransferFunctionScriptingTraits (0ms)
			SetupTypeCache (140ms)
			ReleaseScriptCaches (0ms)
			RebuildScriptCaches (37ms)
			SetupLoadedEditorAssemblies (334ms)
				LogAssemblyErrors (0ms)
				InitializePlatformSupportModulesInManaged (10ms)
				SetLoadedEditorAssemblies (0ms)
				RefreshPlugins (31ms)
				BeforeProcessingInitializeOnLoad (49ms)
				ProcessInitializeOnLoadAttributes (213ms)
				ProcessInitializeOnLoadMethodAttributes (26ms)
				AfterProcessingInitializeOnLoad (5ms)
				EditorAssembliesLoaded (0ms)
			ExecutionOrderSort2 (0ms)
			AwakeInstancesAfterBackupRestoration (4ms)
Platform modules already initialized, skipping
========================================================================
Worker process is ready to serve import requests
Launched and connected shader compiler UnityShaderCompiler.exe after 0.06 seconds
Refreshing native plugins compatible for Editor in 0.57 ms, found 11 plugins.
Preloading 1 native plugins for Editor in 0.07 ms.
Unloading 2474 Unused Serialized files (Serialized files now loaded: 0)
Unloading 38 unused Assets / (55.7 KB). Loaded Objects now: 2931.
Memory consumption went from 102.3 MB to 102.2 MB.
Total: 2.640900 ms (FindLiveObjects: 0.189600 ms CreateObjectMapping: 0.097300 ms MarkObjects: 2.285200 ms  DeleteObjects: 0.068200 ms)

AssetImportParameters requested are different than current active one (requested -> active):
  custom:video-decoder-ogg-theora: a1e56fd34408186e4bbccfd4996cb3dc -> 
  custom:container-muxer-webm: aa71ff27fc2769a1b78a27578f13a17b -> 
  custom:container-demuxer-webm: 4f35f7cbe854078d1ac9338744f61a02 -> 
  custom:video-encoder-webm-vp8: eb34c28f22e8b96e1ab97ce403110664 -> 
  custom:audio-encoder-webm-vorbis: bf7c407c2cedff20999df2af8eb42d56 -> 
  custom:framework-win-MediaFoundation: 216162199b28c13a410421893ffa2e32 -> 
  custom:container-demuxer-ogg: 62fdf1f143b41e24485cea50d1cbac27 -> 
  custom:video-decoder-webm-vp8: 9c59270c3fd7afecdb556c50c9e8de78 -> 
  custom:audio-decoder-ogg-vorbis: bf7c407c2cedff20999df2af8eb42d56 -> 
========================================================================
Received Prepare
Refreshing native plugins compatible for Editor in 5.54 ms, found 11 plugins.
Preloading 1 native plugins for Editor in 0.08 ms.
Unloading 28 Unused Serialized files (Serialized files now loaded: 0)
Unloading 28 unused Assets / (21.9 KB). Loaded Objects now: 2931.
Memory consumption went from 52.0 MB to 52.0 MB.
Total: 2.960400 ms (FindLiveObjects: 0.172300 ms CreateObjectMapping: 0.056000 ms MarkObjects: 2.714300 ms  DeleteObjects: 0.017000 ms)

AssetImportParameters requested are different than current active one (requested -> active):
  custom:video-decoder-ogg-theora: a1e56fd34408186e4bbccfd4996cb3dc -> 
  custom:container-muxer-webm: aa71ff27fc2769a1b78a27578f13a17b -> 
  custom:container-demuxer-webm: 4f35f7cbe854078d1ac9338744f61a02 -> 
  custom:video-encoder-webm-vp8: eb34c28f22e8b96e1ab97ce403110664 -> 
  custom:audio-encoder-webm-vorbis: bf7c407c2cedff20999df2af8eb42d56 -> 
  custom:framework-win-MediaFoundation: 216162199b28c13a410421893ffa2e32 -> 
  custom:container-demuxer-ogg: 62fdf1f143b41e24485cea50d1cbac27 -> 
  custom:video-decoder-webm-vp8: 9c59270c3fd7afecdb556c50c9e8de78 -> 
  custom:audio-decoder-ogg-vorbis: bf7c407c2cedff20999df2af8eb42d56 -> 
========================================================================
Received Prepare
Refreshing native plugins compatible for Editor in 5.25 ms, found 11 plugins.
Preloading 1 native plugins for Editor in 0.14 ms.
Unloading 28 Unused Serialized files (Serialized files now loaded: 0)
Unloading 28 unused Assets / (21.9 KB). Loaded Objects now: 2931.
Memory consumption went from 52.0 MB to 52.0 MB.
Total: 3.154600 ms (FindLiveObjects: 0.316400 ms CreateObjectMapping: 0.089300 ms MarkObjects: 2.731600 ms  DeleteObjects: 0.016600 ms)

AssetImportParameters requested are different than current active one (requested -> active):
  custom:video-decoder-ogg-theora: a1e56fd34408186e4bbccfd4996cb3dc -> 
  custom:container-muxer-webm: aa71ff27fc2769a1b78a27578f13a17b -> 
  custom:container-demuxer-webm: 4f35f7cbe854078d1ac9338744f61a02 -> 
  custom:video-encoder-webm-vp8: eb34c28f22e8b96e1ab97ce403110664 -> 
  custom:audio-encoder-webm-vorbis: bf7c407c2cedff20999df2af8eb42d56 -> 
  custom:framework-win-MediaFoundation: 216162199b28c13a410421893ffa2e32 -> 
  custom:container-demuxer-ogg: 62fdf1f143b41e24485cea50d1cbac27 -> 
  custom:video-decoder-webm-vp8: 9c59270c3fd7afecdb556c50c9e8de78 -> 
  custom:audio-decoder-ogg-vorbis: bf7c407c2cedff20999df2af8eb42d56 -> 
========================================================================
Received Prepare
Registering precompiled user dll's ...
Registered in 0.005801 seconds.
Begin MonoManager ReloadAssembly
Native extension for WindowsStandalone target not found
Native extension for Android target not found
Refreshing native plugins compatible for Editor in 1.01 ms, found 11 plugins.
Preloading 1 native plugins for Editor in 0.09 ms.
System.Reflection.TargetInvocationException: Exception has been thrown by the target of an invocation. ---> System.NullReferenceException: Object reference not set to an instance of an object
  at Unity.XR.Oculus.OculusLoader.AssetPathToAbsolutePath (System.String assetPath) [0x0003d] in C:\Users\Ethan\workspace\MalletKeyboard\Library\PackageCache\com.unity.xr.oculus@3.0.1\Runtime\OculusLoader.cs:257 
  at Unity.XR.Oculus.OculusLoader.EditorLoadOVRPlugin () [0x0007b] in C:\Users\Ethan\workspace\MalletKeyboard\Library\PackageCache\com.unity.xr.oculus@3.0.1\Runtime\OculusLoader.cs:242 
  at (wrapper managed-to-native) System.Reflection.RuntimeMethodInfo.InternalInvoke(System.Reflection.RuntimeMethodInfo,object,object[],System.Exception&)
  at System.Reflection.RuntimeMethodInfo.Invoke (System.Object obj, System.Reflection.BindingFlags invokeAttr, System.Reflection.Binder binder, System.Object[] parameters, System.Globalization.CultureInfo culture) [0x0006a] in <6073cf49ed704e958b8a66d540dea948>:0 
   --- End of inner exception stack trace ---
  at System.Reflection.RuntimeMethodInfo.Invoke (System.Object obj, System.Reflection.BindingFlags invokeAttr, System.Reflection.Binder binder, System.Object[] parameters, System.Globalization.CultureInfo culture) [0x00083] in <6073cf49ed704e958b8a66d540dea948>:0 
  at System.Reflection.MethodBase.Invoke (System.Object obj, System.Object[] parameters) [0x00000] in <6073cf49ed704e958b8a66d540dea948>:0 
  at UnityEditor.EditorAssemblies.ProcessInitializeOnLoadMethodAttributes () [0x000a5] in <1135c66e5f4c41a7831fa5798849d8b6>:0 
UnityEngine.StackTraceUtility:ExtractStackTrace ()
UnityEngine.DebugLogHandler:LogFormat (UnityEngine.LogType,UnityEngine.Object,string,object[])
UnityEngine.Logger:Log (UnityEngine.LogType,object)
UnityEngine.Debug:LogError (object)
UnityEditor.EditorAssemblies:ProcessInitializeOnLoadMethodAttributes ()

Mono: successfully reloaded assembly
- Completed reload, in  0.765 seconds
Domain Reload Profiling:
	ReloadAssembly (766ms)
		BeginReloadAssembly (103ms)
			ExecutionOrderSort (0ms)
			DisableScriptedObjects (4ms)
			BackupInstance (0ms)
			ReleaseScriptingObjects (0ms)
			CreateAndSetChildDomain (33ms)
		EndReloadAssembly (584ms)
			LoadAssemblies (58ms)
			RebuildTransferFunctionScriptingTraits (0ms)
			SetupTypeCache (152ms)
			ReleaseScriptCaches (1ms)
			RebuildScriptCaches (34ms)
			SetupLoadedEditorAssemblies (294ms)
				LogAssemblyErrors (0ms)
				InitializePlatformSupportModulesInManaged (19ms)
				SetLoadedEditorAssemblies (0ms)
				RefreshPlugins (1ms)
				BeforeProcessingInitializeOnLoad (43ms)
				ProcessInitializeOnLoadAttributes (199ms)
				ProcessInitializeOnLoadMethodAttributes (25ms)
				AfterProcessingInitializeOnLoad (6ms)
				EditorAssembliesLoaded (0ms)
			ExecutionOrderSort2 (0ms)
			AwakeInstancesAfterBackupRestoration (6ms)
Platform modules already initialized, skipping
Refreshing native plugins compatible for Editor in 3.16 ms, found 11 plugins.
Preloading 1 native plugins for Editor in 0.07 ms.
Unloading 2432 Unused Serialized files (Serialized files now loaded: 0)
Unloading 28 unused Assets / (26.7 KB). Loaded Objects now: 2935.
Memory consumption went from 100.2 MB to 100.2 MB.
Total: 2.557600 ms (FindLiveObjects: 0.148000 ms CreateObjectMapping: 0.050500 ms MarkObjects: 2.323300 ms  DeleteObjects: 0.035100 ms)

AssetImportParameters requested are different than current active one (requested -> active):
  custom:video-decoder-ogg-theora: a1e56fd34408186e4bbccfd4996cb3dc -> 
  custom:container-muxer-webm: aa71ff27fc2769a1b78a27578f13a17b -> 
  custom:container-demuxer-webm: 4f35f7cbe854078d1ac9338744f61a02 -> 
  custom:video-encoder-webm-vp8: eb34c28f22e8b96e1ab97ce403110664 -> 
  custom:audio-encoder-webm-vorbis: bf7c407c2cedff20999df2af8eb42d56 -> 
  custom:framework-win-MediaFoundation: 216162199b28c13a410421893ffa2e32 -> 
  custom:container-demuxer-ogg: 62fdf1f143b41e24485cea50d1cbac27 -> 
  custom:video-decoder-webm-vp8: 9c59270c3fd7afecdb556c50c9e8de78 -> 
  custom:audio-decoder-ogg-vorbis: bf7c407c2cedff20999df2af8eb42d56 -> 
========================================================================
Received Prepare
Registering precompiled user dll's ...
Registered in 0.005405 seconds.
Begin MonoManager ReloadAssembly
Native extension for WindowsStandalone target not found
Native extension for Android target not found
Refreshing native plugins compatible for Editor in 0.64 ms, found 11 plugins.
Preloading 1 native plugins for Editor in 0.08 ms.
System.Reflection.TargetInvocationException: Exception has been thrown by the target of an invocation. ---> System.NullReferenceException: Object reference not set to an instance of an object
  at Unity.XR.Oculus.OculusLoader.AssetPathToAbsolutePath (System.String assetPath) [0x0003d] in C:\Users\Ethan\workspace\MalletKeyboard\Library\PackageCache\com.unity.xr.oculus@3.0.1\Runtime\OculusLoader.cs:257 
  at Unity.XR.Oculus.OculusLoader.EditorLoadOVRPlugin () [0x0007b] in C:\Users\Ethan\workspace\MalletKeyboard\Library\PackageCache\com.unity.xr.oculus@3.0.1\Runtime\OculusLoader.cs:242 
  at (wrapper managed-to-native) System.Reflection.RuntimeMethodInfo.InternalInvoke(System.Reflection.RuntimeMethodInfo,object,object[],System.Exception&)
  at System.Reflection.RuntimeMethodInfo.Invoke (System.Object obj, System.Reflection.BindingFlags invokeAttr, System.Reflection.Binder binder, System.Object[] parameters, System.Globalization.CultureInfo culture) [0x0006a] in <6073cf49ed704e958b8a66d540dea948>:0 
   --- End of inner exception stack trace ---
  at System.Reflection.RuntimeMethodInfo.Invoke (System.Object obj, System.Reflection.BindingFlags invokeAttr, System.Reflection.Binder binder, System.Object[] parameters, System.Globalization.CultureInfo culture) [0x00083] in <6073cf49ed704e958b8a66d540dea948>:0 
  at System.Reflection.MethodBase.Invoke (System.Object obj, System.Object[] parameters) [0x00000] in <6073cf49ed704e958b8a66d540dea948>:0 
  at UnityEditor.EditorAssemblies.ProcessInitializeOnLoadMethodAttributes () [0x000a5] in <1135c66e5f4c41a7831fa5798849d8b6>:0 
UnityEngine.StackTraceUtility:ExtractStackTrace ()
UnityEngine.DebugLogHandler:LogFormat (UnityEngine.LogType,UnityEngine.Object,string,object[])
UnityEngine.Logger:Log (UnityEngine.LogType,object)
UnityEngine.Debug:LogError (object)
UnityEditor.EditorAssemblies:ProcessInitializeOnLoadMethodAttributes ()

Mono: successfully reloaded assembly
- Completed reload, in  0.726 seconds
Domain Reload Profiling:
	ReloadAssembly (726ms)
		BeginReloadAssembly (106ms)
			ExecutionOrderSort (0ms)
			DisableScriptedObjects (4ms)
			BackupInstance (0ms)
			ReleaseScriptingObjects (0ms)
			CreateAndSetChildDomain (29ms)
		EndReloadAssembly (546ms)
			LoadAssemblies (65ms)
			RebuildTransferFunctionScriptingTraits (0ms)
			SetupTypeCache (144ms)
			ReleaseScriptCaches (1ms)
			RebuildScriptCaches (32ms)
			SetupLoadedEditorAssemblies (272ms)
				LogAssemblyErrors (0ms)
				InitializePlatformSupportModulesInManaged (19ms)
				SetLoadedEditorAssemblies (0ms)
				RefreshPlugins (1ms)
				BeforeProcessingInitializeOnLoad (41ms)
				ProcessInitializeOnLoadAttributes (182ms)
				ProcessInitializeOnLoadMethodAttributes (25ms)
				AfterProcessingInitializeOnLoad (4ms)
				EditorAssembliesLoaded (0ms)
			ExecutionOrderSort2 (0ms)
			AwakeInstancesAfterBackupRestoration (5ms)
Platform modules already initialized, skipping
Refreshing native plugins compatible for Editor in 3.90 ms, found 11 plugins.
Preloading 1 native plugins for Editor in 0.10 ms.
Unloading 2432 Unused Serialized files (Serialized files now loaded: 0)
Unloading 28 unused Assets / (24.7 KB). Loaded Objects now: 2939.
Memory consumption went from 100.2 MB to 100.2 MB.
Total: 3.312700 ms (FindLiveObjects: 0.230200 ms CreateObjectMapping: 0.120000 ms MarkObjects: 2.940600 ms  DeleteObjects: 0.021300 ms)

AssetImportParameters requested are different than current active one (requested -> active):
  custom:video-decoder-ogg-theora: a1e56fd34408186e4bbccfd4996cb3dc -> 
  custom:container-muxer-webm: aa71ff27fc2769a1b78a27578f13a17b -> 
  custom:container-demuxer-webm: 4f35f7cbe854078d1ac9338744f61a02 -> 
  custom:video-encoder-webm-vp8: eb34c28f22e8b96e1ab97ce403110664 -> 
  custom:audio-encoder-webm-vorbis: bf7c407c2cedff20999df2af8eb42d56 -> 
  custom:framework-win-MediaFoundation: 216162199b28c13a410421893ffa2e32 -> 
  custom:container-demuxer-ogg: 62fdf1f143b41e24485cea50d1cbac27 -> 
  custom:video-decoder-webm-vp8: 9c59270c3fd7afecdb556c50c9e8de78 -> 
  custom:audio-decoder-ogg-vorbis: bf7c407c2cedff20999df2af8eb42d56 -> 
========================================================================
Received Import Request.
  Time since last request: 1677742.263962 seconds.
  path: Assets/Keyboard/Keyboard Key.prefab
  artifactKey: Guid(8d8285f3bc6feed46a3dac3a32f9f39a) Importer(815301076,1909f56bfc062723c751e8b465ee728b)
Start importing Assets/Keyboard/Keyboard Key.prefab using Guid(8d8285f3bc6feed46a3dac3a32f9f39a) Importer(815301076,1909f56bfc062723c751e8b465ee728b)  -> (artifact id: '2e1228f97cfb71ba514413a88b22e993') in 0.115058 seconds 
========================================================================
Received Prepare
Refreshing native plugins compatible for Editor in 7.58 ms, found 11 plugins.
Preloading 1 native plugins for Editor in 0.10 ms.
Unloading 28 Unused Serialized files (Serialized files now loaded: 0)
Unloading 28 unused Assets / (21.9 KB). Loaded Objects now: 2939.
Memory consumption went from 52.3 MB to 52.3 MB.
Total: 4.663600 ms (FindLiveObjects: 0.360000 ms CreateObjectMapping: 0.204600 ms MarkObjects: 4.073500 ms  DeleteObjects: 0.024700 ms)

AssetImportParameters requested are different than current active one (requested -> active):
  custom:video-decoder-ogg-theora: a1e56fd34408186e4bbccfd4996cb3dc -> 
  custom:container-muxer-webm: aa71ff27fc2769a1b78a27578f13a17b -> 
  custom:container-demuxer-webm: 4f35f7cbe854078d1ac9338744f61a02 -> 
  custom:video-encoder-webm-vp8: eb34c28f22e8b96e1ab97ce403110664 -> 
  custom:audio-encoder-webm-vorbis: bf7c407c2cedff20999df2af8eb42d56 -> 
  custom:framework-win-MediaFoundation: 216162199b28c13a410421893ffa2e32 -> 
  custom:container-demuxer-ogg: 62fdf1f143b41e24485cea50d1cbac27 -> 
  custom:video-decoder-webm-vp8: 9c59270c3fd7afecdb556c50c9e8de78 -> 
  custom:audio-decoder-ogg-vorbis: bf7c407c2cedff20999df2af8eb42d56 -> 
========================================================================
Received Prepare
Refreshing native plugins compatible for Editor in 5.22 ms, found 11 plugins.
Preloading 1 native plugins for Editor in 0.08 ms.
Unloading 28 Unused Serialized files (Serialized files now loaded: 0)
Unloading 28 unused Assets / (21.9 KB). Loaded Objects now: 2939.
Memory consumption went from 52.3 MB to 52.3 MB.
Total: 3.499800 ms (FindLiveObjects: 0.159400 ms CreateObjectMapping: 0.075300 ms MarkObjects: 3.251300 ms  DeleteObjects: 0.013300 ms)

AssetImportParameters requested are different than current active one (requested -> active):
  custom:video-decoder-ogg-theora: a1e56fd34408186e4bbccfd4996cb3dc -> 
  custom:container-muxer-webm: aa71ff27fc2769a1b78a27578f13a17b -> 
  custom:container-demuxer-webm: 4f35f7cbe854078d1ac9338744f61a02 -> 
  custom:video-encoder-webm-vp8: eb34c28f22e8b96e1ab97ce403110664 -> 
  custom:audio-encoder-webm-vorbis: bf7c407c2cedff20999df2af8eb42d56 -> 
  custom:framework-win-MediaFoundation: 216162199b28c13a410421893ffa2e32 -> 
  custom:container-demuxer-ogg: 62fdf1f143b41e24485cea50d1cbac27 -> 
  custom:video-decoder-webm-vp8: 9c59270c3fd7afecdb556c50c9e8de78 -> 
  custom:audio-decoder-ogg-vorbis: bf7c407c2cedff20999df2af8eb42d56 -> 
========================================================================
Received Prepare
Refreshing native plugins compatible for Editor in 5.72 ms, found 11 plugins.
Preloading 1 native plugins for Editor in 0.14 ms.
Unloading 28 Unused Serialized files (Serialized files now loaded: 0)
Unloading 28 unused Assets / (21.9 KB). Loaded Objects now: 2939.
Memory consumption went from 52.3 MB to 52.3 MB.
Total: 4.235200 ms (FindLiveObjects: 0.190600 ms CreateObjectMapping: 0.178000 ms MarkObjects: 3.844900 ms  DeleteObjects: 0.021000 ms)

AssetImportParameters requested are different than current active one (requested -> active):
  custom:video-decoder-ogg-theora: a1e56fd34408186e4bbccfd4996cb3dc -> 
  custom:container-muxer-webm: aa71ff27fc2769a1b78a27578f13a17b -> 
  custom:container-demuxer-webm: 4f35f7cbe854078d1ac9338744f61a02 -> 
  custom:video-encoder-webm-vp8: eb34c28f22e8b96e1ab97ce403110664 -> 
  custom:audio-encoder-webm-vorbis: bf7c407c2cedff20999df2af8eb42d56 -> 
  custom:framework-win-MediaFoundation: 216162199b28c13a410421893ffa2e32 -> 
  custom:container-demuxer-ogg: 62fdf1f143b41e24485cea50d1cbac27 -> 
  custom:video-decoder-webm-vp8: 9c59270c3fd7afecdb556c50c9e8de78 -> 
  custom:audio-decoder-ogg-vorbis: bf7c407c2cedff20999df2af8eb42d56 -> 
========================================================================
Received Import Request.
  Time since last request: 3804.371044 seconds.
  path: Assets/ChangeColorWhileCollid.cs
  artifactKey: Guid(9f7e6eda2407c8d4d9aac7ff5eaa57c5) Importer(2089858483,934ff659095e30574adcf32a4c2f97b5)
Start importing Assets/ChangeColorWhileCollid.cs using Guid(9f7e6eda2407c8d4d9aac7ff5eaa57c5) Importer(2089858483,934ff659095e30574adcf32a4c2f97b5) Generated GUIDs only implemented for interfaces!
 -> (artifact id: '3fdec07d2632ea82660c0118a4b6da29') in 0.125027 seconds 
========================================================================
Received Import Request.
  Time since last request: 0.186578 seconds.
  path: Assets/NormalKeyboardSettings.lighting
  artifactKey: Guid(ea1d7ec4d0640d647904dd0f0639e0c5) Importer(2089858483,934ff659095e30574adcf32a4c2f97b5)
Start importing Assets/NormalKeyboardSettings.lighting using Guid(ea1d7ec4d0640d647904dd0f0639e0c5) Importer(2089858483,934ff659095e30574adcf32a4c2f97b5) Generated GUIDs only implemented for interfaces!
 -> (artifact id: '56e5424e99fe7b08de8af079cdea8eb6') in 0.010134 seconds 
========================================================================
Received Import Request.
  Time since last request: 0.470582 seconds.
  path: Assets/GUI/EnglishDictionary.txt
  artifactKey: Guid(e6b8b30fceeea0940abffede24a53874) Importer(2089858483,934ff659095e30574adcf32a4c2f97b5)
Start importing Assets/GUI/EnglishDictionary.txt using Guid(e6b8b30fceeea0940abffede24a53874) Importer(2089858483,934ff659095e30574adcf32a4c2f97b5) Generated GUIDs only implemented for interfaces!
 -> (artifact id: 'edea0fb2134a34e12ef2c7efba4dae65') in 0.018706 seconds 
========================================================================
Received Import Request.
  Time since last request: 0.000022 seconds.
  path: Assets/Keyboard/Sounds/x.wav
  artifactKey: Guid(60282ce9a869ff44183f6b99eb587203) Importer(2089858483,934ff659095e30574adcf32a4c2f97b5)
Start importing Assets/Keyboard/Sounds/x.wav using Guid(60282ce9a869ff44183f6b99eb587203) Importer(2089858483,934ff659095e30574adcf32a4c2f97b5) Generated GUIDs only implemented for interfaces!
 -> (artifact id: 'e57b48c252bf0da2b28847d53d36cde5') in 0.010187 seconds 
========================================================================
Received Import Request.
  Time since last request: 0.000017 seconds.
  path: Assets/Keyboard/Scripts/KeyboardDisplay.cs
  artifactKey: Guid(99383c6ecbba09548a2293b7cda388ba) Importer(2089858483,934ff659095e30574adcf32a4c2f97b5)
Start importing Assets/Keyboard/Scripts/KeyboardDisplay.cs using Guid(99383c6ecbba09548a2293b7cda388ba) Importer(2089858483,934ff659095e30574adcf32a4c2f97b5) Generated GUIDs only implemented for interfaces!
 -> (artifact id: '06e3d7541515d27a4b06a14564ad30fa') in 0.007257 seconds 
========================================================================
Received Import Request.
  Time since last request: 0.000022 seconds.
  path: Assets/Keyboard/Sounds/y.wav
  artifactKey: Guid(11bcda9d50fa55642a8b03f1c03223f5) Importer(2089858483,934ff659095e30574adcf32a4c2f97b5)
Start importing Assets/Keyboard/Sounds/y.wav using Guid(11bcda9d50fa55642a8b03f1c03223f5) Importer(2089858483,934ff659095e30574adcf32a4c2f97b5) Generated GUIDs only implemented for interfaces!
 -> (artifact id: '6059575f4d2e1ee80f049450298f26ce') in 0.006325 seconds 
========================================================================
Received Import Request.
  Time since last request: 0.000017 seconds.
  path: Assets/TextMesh Pro/Shaders/TMPro_Properties.cginc
  artifactKey: Guid(3997e2241185407d80309a82f9148466) Importer(2089858483,934ff659095e30574adcf32a4c2f97b5)
Start importing Assets/TextMesh Pro/Shaders/TMPro_Properties.cginc using Guid(3997e2241185407d80309a82f9148466) Importer(2089858483,934ff659095e30574adcf32a4c2f97b5) Generated GUIDs only implemented for interfaces!
 -> (artifact id: '46d45131a28aedfd37dd65b97c8098fb') in 0.008805 seconds 
========================================================================
Received Import Request.
  Time since last request: 0.000015 seconds.
  path: Assets/Keyboard/Materials/Text Material.mat
  artifactKey: Guid(0f8ecb1ad37d88a47bfa215b73f1e1f9) Importer(2089858483,934ff659095e30574adcf32a4c2f97b5)
Start importing Assets/Keyboard/Materials/Text Material.mat using Guid(0f8ecb1ad37d88a47bfa215b73f1e1f9) Importer(2089858483,934ff659095e30574adcf32a4c2f97b5) Generated GUIDs only implemented for interfaces!
 -> (artifact id: 'cb9b157e469e42dc4763f7d5ef8186fc') in 0.013281 seconds 
========================================================================
Received Import Request.
  Time since last request: 0.000051 seconds.
  path: Assets/Space/Textures/GreenOrangeGradient.png
  artifactKey: Guid(34fdd2d006996424f8c0d56500965762) Importer(2089858483,934ff659095e30574adcf32a4c2f97b5)
Start importing Assets/Space/Textures/GreenOrangeGradient.png using Guid(34fdd2d006996424f8c0d56500965762) Importer(2089858483,934ff659095e30574adcf32a4c2f97b5) Generated GUIDs only implemented for interfaces!
 -> (artifact id: '3fad467779091f96601af62bb510ddcc') in 0.042226 seconds 
========================================================================
Received Import Request.
  Time since last request: 0.000019 seconds.
  path: Assets/Keyboard/Sounds/o.wav
  artifactKey: Guid(f5d841cf19cbaf4448594695f1da38f5) Importer(2089858483,934ff659095e30574adcf32a4c2f97b5)
Start importing Assets/Keyboard/Sounds/o.wav using Guid(f5d841cf19cbaf4448594695f1da38f5) Importer(2089858483,934ff659095e30574adcf32a4c2f97b5) Generated GUIDs only implemented for interfaces!
 -> (artifact id: 'fae0f8e5d6616fefa34c0ef54bf42a65') in 0.007182 seconds 
========================================================================
Received Import Request.
  Time since last request: 0.000054 seconds.
  path: Assets/GUI/MatchSwipeType.cs
  artifactKey: Guid(381d7de11a0ed154b9cf7b776487240c) Importer(2089858483,934ff659095e30574adcf32a4c2f97b5)
Start importing Assets/GUI/MatchSwipeType.cs using Guid(381d7de11a0ed154b9cf7b776487240c) Importer(2089858483,934ff659095e30574adcf32a4c2f97b5) Generated GUIDs only implemented for interfaces!
 -> (artifact id: '438dd3aa03171fe3a482355525d8d1a3') in 0.008003 seconds 
========================================================================
Received Import Request.
  Time since last request: 0.000025 seconds.
  path: Assets/TextMesh Pro/Shaders/TMPro_Surface.cginc
  artifactKey: Guid(d930090c0cd643c7b55f19a38538c162) Importer(2089858483,934ff659095e30574adcf32a4c2f97b5)
Start importing Assets/TextMesh Pro/Shaders/TMPro_Surface.cginc using Guid(d930090c0cd643c7b55f19a38538c162) Importer(2089858483,934ff659095e30574adcf32a4c2f97b5) Generated GUIDs only implemented for interfaces!
 -> (artifact id: '3c3190e58e181b979121356df876eef9') in 0.008403 seconds 
========================================================================
Received Import Request.
  Time since last request: 0.000017 seconds.
  path: Assets/Space/Materials/SkyBox.mat
  artifactKey: Guid(2c778f02c31f50a448389456ea52147f) Importer(2089858483,934ff659095e30574adcf32a4c2f97b5)
Start importing Assets/Space/Materials/SkyBox.mat using Guid(2c778f02c31f50a448389456ea52147f) Importer(2089858483,934ff659095e30574adcf32a4c2f97b5) Generated GUIDs only implemented for interfaces!
 -> (artifact id: 'f3d632f00a0403bb99c710a565c722a7') in 0.006441 seconds 
========================================================================
Received Import Request.
  Time since last request: 0.000014 seconds.
  path: Assets/Keyboard/Sounds/ch-ka.wav
  artifactKey: Guid(f6856e9321ab9f549abe0bce17eddc9b) Importer(2089858483,934ff659095e30574adcf32a4c2f97b5)
Start importing Assets/Keyboard/Sounds/ch-ka.wav using Guid(f6856e9321ab9f549abe0bce17eddc9b) Importer(2089858483,934ff659095e30574adcf32a4c2f97b5) Generated GUIDs only implemented for interfaces!
 -> (artifact id: '5ae8e5d34a45dd693b0985841bac7929') in 0.006917 seconds 
========================================================================
Received Import Request.
  Time since last request: 0.000027 seconds.
  path: Assets/Space/Materials/Grass1.mat
  artifactKey: Guid(9bc0681c388a61046829144ef2405a5d) Importer(2089858483,934ff659095e30574adcf32a4c2f97b5)
Start importing Assets/Space/Materials/Grass1.mat using Guid(9bc0681c388a61046829144ef2405a5d) Importer(2089858483,934ff659095e30574adcf32a4c2f97b5) Generated GUIDs only implemented for interfaces!
 -> (artifact id: 'e6f870d0389e4f7e91741b0ec5c63f92') in 0.007864 seconds 
========================================================================
Received Import Request.
  Time since last request: 0.000047 seconds.
  path: Assets/Keyboard/Sounds/pop.wav
  artifactKey: Guid(728740b1655771a4580374ac52a608b9) Importer(2089858483,934ff659095e30574adcf32a4c2f97b5)
Start importing Assets/Keyboard/Sounds/pop.wav using Guid(728740b1655771a4580374ac52a608b9) Importer(2089858483,934ff659095e30574adcf32a4c2f97b5) Generated GUIDs only implemented for interfaces!
 -> (artifact id: '03d84d8b3049eeb03d9360148a584638') in 0.007111 seconds 
========================================================================
Received Import Request.
  Time since last request: 0.000016 seconds.
  path: Assets/Space/Textures/GroundGradient.png
  artifactKey: Guid(80df6f334234c384db279d1b3bb3abaa) Importer(2089858483,934ff659095e30574adcf32a4c2f97b5)
Start importing Assets/Space/Textures/GroundGradient.png using Guid(80df6f334234c384db279d1b3bb3abaa) Importer(2089858483,934ff659095e30574adcf32a4c2f97b5) Generated GUIDs only implemented for interfaces!
 -> (artifact id: '5702533dcfabf4d6f7b5d1eddf745ea5') in 0.026560 seconds 
========================================================================
Received Import Request.
  Time since last request: 0.000028 seconds.
  path: Assets/Space/Textures/OrangeGreenSmallGradient.png
  artifactKey: Guid(284044b42c59cd644ab28f4b716b41ee) Importer(2089858483,934ff659095e30574adcf32a4c2f97b5)
Start importing Assets/Space/Textures/OrangeGreenSmallGradient.png using Guid(284044b42c59cd644ab28f4b716b41ee) Importer(2089858483,934ff659095e30574adcf32a4c2f97b5) Generated GUIDs only implemented for interfaces!
 -> (artifact id: 'ccfff2a3e94ecb5e2e8249d470b20024') in 0.031542 seconds 
========================================================================
Received Import Request.
  Time since last request: 0.000032 seconds.
  path: Assets/Keyboard/Sounds/u.wav
  artifactKey: Guid(b9f60fca9bdbee6429fc9ab30f4d51ce) Importer(2089858483,934ff659095e30574adcf32a4c2f97b5)
Start importing Assets/Keyboard/Sounds/u.wav using Guid(b9f60fca9bdbee6429fc9ab30f4d51ce) Importer(2089858483,934ff659095e30574adcf32a4c2f97b5) Generated GUIDs only implemented for interfaces!
 -> (artifact id: '6f12f06c00f17b1fc68f55e56a7aeb79') in 0.006919 seconds 
========================================================================
Received Import Request.
  Time since last request: 0.000024 seconds.
  path: Assets/Keyboard/Sounds/m.wav
  artifactKey: Guid(daea3b33019842743ab76ad93e84dd31) Importer(2089858483,934ff659095e30574adcf32a4c2f97b5)
Start importing Assets/Keyboard/Sounds/m.wav using Guid(daea3b33019842743ab76ad93e84dd31) Importer(2089858483,934ff659095e30574adcf32a4c2f97b5) Generated GUIDs only implemented for interfaces!
 -> (artifact id: '86459e6ca7a83e4a91e51398588384fb') in 0.007176 seconds 
========================================================================
Received Import Request.
  Time since last request: 0.000021 seconds.
  path: Assets/TextMesh Pro/Shaders/TMP_SDF-Mobile.shader
  artifactKey: Guid(fe393ace9b354375a9cb14cdbbc28be4) Importer(2089858483,934ff659095e30574adcf32a4c2f97b5)
Start importing Assets/TextMesh Pro/Shaders/TMP_SDF-Mobile.shader using Guid(fe393ace9b354375a9cb14cdbbc28be4) Importer(2089858483,934ff659095e30574adcf32a4c2f97b5) Generated GUIDs only implemented for interfaces!
 -> (artifact id: '12534b3d9fe6dce85cf5c407938f2c55') in 0.012878 seconds 
========================================================================
Received Import Request.
  Time since last request: 0.000043 seconds.
  path: Assets/Space/Textures/Orange.png
  artifactKey: Guid(4906de585f4279144a0691180e6a810a) Importer(2089858483,934ff659095e30574adcf32a4c2f97b5)
Start importing Assets/Space/Textures/Orange.png using Guid(4906de585f4279144a0691180e6a810a) Importer(2089858483,934ff659095e30574adcf32a4c2f97b5) Generated GUIDs only implemented for interfaces!
 -> (artifact id: '97ca4b20a0b8c8e91009150a33da69e2') in 0.033635 seconds 
========================================================================
Received Import Request.
  Time since last request: 0.000051 seconds.
  path: Assets/GUI/TargetPhrases.txt
  artifactKey: Guid(761199553f32c8a4f9f3493c4ecc98b3) Importer(2089858483,934ff659095e30574adcf32a4c2f97b5)
Start importing Assets/GUI/TargetPhrases.txt using Guid(761199553f32c8a4f9f3493c4ecc98b3) Importer(2089858483,934ff659095e30574adcf32a4c2f97b5) Generated GUIDs only implemented for interfaces!
 -> (artifact id: '7bb13b539068f16e64b9f2ae0f24fe78') in 0.007952 seconds 
========================================================================
Received Import Request.
  Time since last request: 0.000027 seconds.
  path: Assets/TextMesh Pro/Shaders/TMP_SDF-Surface.shader
  artifactKey: Guid(f7ada0af4f174f0694ca6a487b8f543d) Importer(2089858483,934ff659095e30574adcf32a4c2f97b5)
Start importing Assets/TextMesh Pro/Shaders/TMP_SDF-Surface.shader using Guid(f7ada0af4f174f0694ca6a487b8f543d) Importer(2089858483,934ff659095e30574adcf32a4c2f97b5) Generated GUIDs only implemented for interfaces!
 -> (artifact id: '67037d0ae93f30b54a3a3e8a70aad071') in 0.007677 seconds 
========================================================================
Received Import Request.
  Time since last request: 0.000025 seconds.
  path: Assets/Keyboard/Sounds/g.wav
  artifactKey: Guid(b39a2f7c34b91c54fa91f8665a5bec5c) Importer(2089858483,934ff659095e30574adcf32a4c2f97b5)
Start importing Assets/Keyboard/Sounds/g.wav using Guid(b39a2f7c34b91c54fa91f8665a5bec5c) Importer(2089858483,934ff659095e30574adcf32a4c2f97b5) Generated GUIDs only implemented for interfaces!
 -> (artifact id: '26a960a49a1979f4d0b6479120f377f4') in 0.007514 seconds 
========================================================================
Received Import Request.
  Time since last request: 0.000028 seconds.
  path: Assets/TextMesh Pro/Shaders/TMPro_Mobile.cginc
  artifactKey: Guid(c334973cef89a9840b0b0c507e0377ab) Importer(2089858483,934ff659095e30574adcf32a4c2f97b5)
Start importing Assets/TextMesh Pro/Shaders/TMPro_Mobile.cginc using Guid(c334973cef89a9840b0b0c507e0377ab) Importer(2089858483,934ff659095e30574adcf32a4c2f97b5) Generated GUIDs only implemented for interfaces!
 -> (artifact id: 'd3890572e384576e547f9e48f829f2c0') in 0.006679 seconds 
========================================================================
Received Import Request.
  Time since last request: 0.000018 seconds.
  path: Assets/Space/Textures/YellowOrangeGradient.png
  artifactKey: Guid(02acd6a445137ab40ae02699dad2af95) Importer(2089858483,934ff659095e30574adcf32a4c2f97b5)
Start importing Assets/Space/Textures/YellowOrangeGradient.png using Guid(02acd6a445137ab40ae02699dad2af95) Importer(2089858483,934ff659095e30574adcf32a4c2f97b5) Generated GUIDs only implemented for interfaces!
 -> (artifact id: 'd415736ae47451efe94749c70cd2bf08') in 0.025557 seconds 
========================================================================
Received Import Request.
  Time since last request: 0.000039 seconds.
  path: Assets/Keyboard/Sounds/w.wav
  artifactKey: Guid(cb09f3de347e4b446a181d8e545be480) Importer(2089858483,934ff659095e30574adcf32a4c2f97b5)
Start importing Assets/Keyboard/Sounds/w.wav using Guid(cb09f3de347e4b446a181d8e545be480) Importer(2089858483,934ff659095e30574adcf32a4c2f97b5) Generated GUIDs only implemented for interfaces!
 -> (artifact id: '7dfe91221a279e1097cb57f06ab06349') in 0.006289 seconds 
========================================================================
Received Import Request.
  Time since last request: 0.000015 seconds.
  path: Assets/XR/XRGeneralSettings.asset
  artifactKey: Guid(b8d903c139e6eaf4db834524f6f89f9d) Importer(2089858483,934ff659095e30574adcf32a4c2f97b5)
Start importing Assets/XR/XRGeneralSettings.asset using Guid(b8d903c139e6eaf4db834524f6f89f9d) Importer(2089858483,934ff659095e30574adcf32a4c2f97b5) Generated GUIDs only implemented for interfaces!
 -> (artifact id: '17924f3f9f183e2849bf503e8ed2d8c6') in 0.024423 seconds 
========================================================================
Received Import Request.
  Time since last request: 0.000036 seconds.
  path: Assets/Space/Textures/Yellow.png
  artifactKey: Guid(3c9df82110c513b4da5a95e0fdf4d841) Importer(2089858483,934ff659095e30574adcf32a4c2f97b5)
Start importing Assets/Space/Textures/Yellow.png using Guid(3c9df82110c513b4da5a95e0fdf4d841) Importer(2089858483,934ff659095e30574adcf32a4c2f97b5) Generated GUIDs only implemented for interfaces!
 -> (artifact id: 'a6907637f81c0476ec984a0497fdcb10') in 0.021686 seconds 
========================================================================
Received Import Request.
  Time since last request: 0.000015 seconds.
  path: Assets/XR/Loaders/Open XR Loader.asset
  artifactKey: Guid(fc94b42f1ec0d9c4c81d27ff0f43ed08) Importer(2089858483,934ff659095e30574adcf32a4c2f97b5)
Start importing Assets/XR/Loaders/Open XR Loader.asset using Guid(fc94b42f1ec0d9c4c81d27ff0f43ed08) Importer(2089858483,934ff659095e30574adcf32a4c2f97b5) Generated GUIDs only implemented for interfaces!
 -> (artifact id: '096108d6334c990ea6282c7b7feb9e6f') in 0.006821 seconds 
========================================================================
Received Import Request.
  Time since last request: 0.000028 seconds.
  path: Assets/XRI/Settings/XRInteractionEditorSettings.asset
  artifactKey: Guid(4c7904787db2ddd4dbeda64993f4d745) Importer(2089858483,934ff659095e30574adcf32a4c2f97b5)
Start importing Assets/XRI/Settings/XRInteractionEditorSettings.asset using Guid(4c7904787db2ddd4dbeda64993f4d745) Importer(2089858483,934ff659095e30574adcf32a4c2f97b5) Generated GUIDs only implemented for interfaces!
 -> (artifact id: 'eee4cf933c7deba0e22c0f89c41b5a5b') in 0.007307 seconds 
========================================================================
Received Import Request.
  Time since last request: 0.000022 seconds.
  path: Assets/XR/Loaders/Mock HMD Loader.asset
  artifactKey: Guid(fb17451c7332ad44b949822b7791cc39) Importer(2089858483,934ff659095e30574adcf32a4c2f97b5)
Start importing Assets/XR/Loaders/Mock HMD Loader.asset using Guid(fb17451c7332ad44b949822b7791cc39) Importer(2089858483,934ff659095e30574adcf32a4c2f97b5) Generated GUIDs only implemented for interfaces!
 -> (artifact id: '89dc5f74004310529ca87dd772813323') in 0.006145 seconds 
========================================================================
Received Import Request.
  Time since last request: 0.000016 seconds.
  path: Assets/TextMesh Pro/Resources/Fonts & Materials/LiberationSans SDF - Outline.mat
  artifactKey: Guid(79459efec17a4d00a321bdcc27bbc385) Importer(2089858483,934ff659095e30574adcf32a4c2f97b5)
Start importing Assets/TextMesh Pro/Resources/Fonts & Materials/LiberationSans SDF - Outline.mat using Guid(79459efec17a4d00a321bdcc27bbc385) Importer(2089858483,934ff659095e30574adcf32a4c2f97b5) Generated GUIDs only implemented for interfaces!
 -> (artifact id: '74841cb200b754bda8c410d3bc343661') in 0.008060 seconds 
========================================================================
Received Import Request.
  Time since last request: 0.000026 seconds.
  path: Assets/Samples/XR Interaction Toolkit/0.10.0-preview.7/XR Device Simulator/XR Device Simulator Controls.inputactions
  artifactKey: Guid(da2b439d1a2de5c46a4f428f8cf4fe19) Importer(2089858483,934ff659095e30574adcf32a4c2f97b5)
Start importing Assets/Samples/XR Interaction Toolkit/0.10.0-preview.7/XR Device Simulator/XR Device Simulator Controls.inputactions using Guid(da2b439d1a2de5c46a4f428f8cf4fe19) Importer(2089858483,934ff659095e30574adcf32a4c2f97b5) Generated GUIDs only implemented for interfaces!
 -> (artifact id: '24bbc3acb39b07179d8fd7d4b4155e73') in 0.029041 seconds 
========================================================================
Received Import Request.
  Time since last request: 0.000033 seconds.
  path: Assets/XRI/Settings/Resources/InteractionLayerSettings.asset
  artifactKey: Guid(70df976a6f8a9e7428422e787616468a) Importer(2089858483,934ff659095e30574adcf32a4c2f97b5)
Start importing Assets/XRI/Settings/Resources/InteractionLayerSettings.asset using Guid(70df976a6f8a9e7428422e787616468a) Importer(2089858483,934ff659095e30574adcf32a4c2f97b5) Generated GUIDs only implemented for interfaces!
 -> (artifact id: 'c33158f8a3c5535985f0979c174ae909') in 0.009239 seconds 
========================================================================
Received Import Request.
  Time since last request: 0.000022 seconds.
  path: Assets/XR/Settings/Oculus Settings.asset
  artifactKey: Guid(da25895028347c649a1bded9bc7f52f7) Importer(2089858483,934ff659095e30574adcf32a4c2f97b5)
Start importing Assets/XR/Settings/Oculus Settings.asset using Guid(da25895028347c649a1bded9bc7f52f7) Importer(2089858483,934ff659095e30574adcf32a4c2f97b5) Generated GUIDs only implemented for interfaces!
 -> (artifact id: '5228adb784567b64577850f6c01d3657') in 0.006918 seconds 
========================================================================
Received Import Request.
  Time since last request: 0.000017 seconds.
  path: Assets/TextMesh Pro/Resources/Fonts & Materials/LiberationSans SDF 1.asset
  artifactKey: Guid(5872ce59a4b15e84c9fe47006ffa5cb9) Importer(2089858483,934ff659095e30574adcf32a4c2f97b5)
Start importing Assets/TextMesh Pro/Resources/Fonts & Materials/LiberationSans SDF 1.asset using Guid(5872ce59a4b15e84c9fe47006ffa5cb9) Importer(2089858483,934ff659095e30574adcf32a4c2f97b5) Generated GUIDs only implemented for interfaces!
 -> (artifact id: 'fb48185646798cc94ff60e4606f8d825') in 0.030395 seconds 
========================================================================
Received Import Request.
  Time since last request: 0.000026 seconds.
  path: Assets/Keyboard/Sounds/c.wav
  artifactKey: Guid(0e3b32e36b163ee47bedd6015e92fff6) Importer(2089858483,934ff659095e30574adcf32a4c2f97b5)
Start importing Assets/Keyboard/Sounds/c.wav using Guid(0e3b32e36b163ee47bedd6015e92fff6) Importer(2089858483,934ff659095e30574adcf32a4c2f97b5) Generated GUIDs only implemented for interfaces!
 -> (artifact id: 'e78e78c238ca515ad2539eae869f4a62') in 0.007253 seconds 
========================================================================
Received Import Request.
  Time since last request: 0.000030 seconds.
  path: Assets/TextMesh Pro/Resources/Fonts & Materials/LiberationSans SDF 2.asset
  artifactKey: Guid(ce03477760f236e42a64843cd8480b0d) Importer(2089858483,934ff659095e30574adcf32a4c2f97b5)
Start importing Assets/TextMesh Pro/Resources/Fonts & Materials/LiberationSans SDF 2.asset using Guid(ce03477760f236e42a64843cd8480b0d) Importer(2089858483,934ff659095e30574adcf32a4c2f97b5) Generated GUIDs only implemented for interfaces!
 -> (artifact id: '57ba9a1e367de45efc54b8bf96a2d7df') in 0.027401 seconds 
========================================================================
Received Import Request.
  Time since last request: 0.000014 seconds.
  path: Assets/TextMesh Pro/Sprites/EmojiOne.png
  artifactKey: Guid(dffef66376be4fa480fb02b19edbe903) Importer(2089858483,934ff659095e30574adcf32a4c2f97b5)
Start importing Assets/TextMesh Pro/Sprites/EmojiOne.png using Guid(dffef66376be4fa480fb02b19edbe903) Importer(2089858483,934ff659095e30574adcf32a4c2f97b5) Generated GUIDs only implemented for interfaces!
 -> (artifact id: 'd5634bf7f29a79dff10c63f62b413fa2') in 0.017028 seconds 
========================================================================
Received Import Request.
  Time since last request: 0.000015 seconds.
  path: Assets/Keyboard/Sounds/2.wav
  artifactKey: Guid(13eeaa96ce4bcef4dbbeee03372f03ff) Importer(2089858483,934ff659095e30574adcf32a4c2f97b5)
Start importing Assets/Keyboard/Sounds/2.wav using Guid(13eeaa96ce4bcef4dbbeee03372f03ff) Importer(2089858483,934ff659095e30574adcf32a4c2f97b5) Generated GUIDs only implemented for interfaces!
 -> (artifact id: '0c45ef91d88ba4195f925c7455e755c9') in 0.005921 seconds 
========================================================================
Received Import Request.
  Time since last request: 0.000021 seconds.
  path: Assets/TextMesh Pro/Documentation/TextMesh Pro User Guide 2016.pdf
  artifactKey: Guid(1b8d251f9af63b746bf2f7ffe00ebb9b) Importer(2089858483,934ff659095e30574adcf32a4c2f97b5)
Start importing Assets/TextMesh Pro/Documentation/TextMesh Pro User Guide 2016.pdf using Guid(1b8d251f9af63b746bf2f7ffe00ebb9b) Importer(2089858483,934ff659095e30574adcf32a4c2f97b5) Generated GUIDs only implemented for interfaces!
 -> (artifact id: '9cf0340f73867e8f404b10814783fb2c') in 0.011383 seconds 
========================================================================
Received Import Request.
  Time since last request: 0.000020 seconds.
  path: Assets/TextMesh Pro/Resources/Fonts & Materials/LiberationSans SDF - Drop Shadow.mat
  artifactKey: Guid(e73a58f6e2794ae7b1b7e50b7fb811b0) Importer(2089858483,934ff659095e30574adcf32a4c2f97b5)
Start importing Assets/TextMesh Pro/Resources/Fonts & Materials/LiberationSans SDF - Drop Shadow.mat using Guid(e73a58f6e2794ae7b1b7e50b7fb811b0) Importer(2089858483,934ff659095e30574adcf32a4c2f97b5) Generated GUIDs only implemented for interfaces!
 -> (artifact id: 'e963749d1b7bf72bc9e334760f5787d2') in 0.007597 seconds 
========================================================================
Received Import Request.
  Time since last request: 0.000014 seconds.
  path: Assets/Keyboard/Keyboard Key.prefab
  artifactKey: Guid(8d8285f3bc6feed46a3dac3a32f9f39a) Importer(2089858483,934ff659095e30574adcf32a4c2f97b5)
Start importing Assets/Keyboard/Keyboard Key.prefab using Guid(8d8285f3bc6feed46a3dac3a32f9f39a) Importer(2089858483,934ff659095e30574adcf32a4c2f97b5) Generated GUIDs only implemented for interfaces!
 -> (artifact id: 'fd6f432be7f49e12cf70a36f97fdf18b') in 0.034521 seconds 
========================================================================
Received Import Request.
  Time since last request: 0.000025 seconds.
  path: Assets/TextMesh Pro/Resources/LineBreaking Following Characters.txt
  artifactKey: Guid(fade42e8bc714b018fac513c043d323b) Importer(2089858483,934ff659095e30574adcf32a4c2f97b5)
Start importing Assets/TextMesh Pro/Resources/LineBreaking Following Characters.txt using Guid(fade42e8bc714b018fac513c043d323b) Importer(2089858483,934ff659095e30574adcf32a4c2f97b5) Generated GUIDs only implemented for interfaces!
 -> (artifact id: '1bcf83f8fec99e178860dea91e55d410') in 0.006939 seconds 
========================================================================
Received Import Request.
  Time since last request: 0.000020 seconds.
  path: Assets/Keyboard/Scripts/Keyboard.cs
  artifactKey: Guid(c12cf24231c11ed498f221dd2b4155b6) Importer(2089858483,934ff659095e30574adcf32a4c2f97b5)
Start importing Assets/Keyboard/Scripts/Keyboard.cs using Guid(c12cf24231c11ed498f221dd2b4155b6) Importer(2089858483,934ff659095e30574adcf32a4c2f97b5) Generated GUIDs only implemented for interfaces!
 -> (artifact id: 'c2bf9a828cb9a7b349b410bc5bdae7cd') in 0.006233 seconds 
========================================================================
Received Import Request.
  Time since last request: 0.000022 seconds.
  path: Assets/GUI/SwipeType.cs
  artifactKey: Guid(ec27c52de897f084d80bcbdbcf68d877) Importer(2089858483,934ff659095e30574adcf32a4c2f97b5)
Start importing Assets/GUI/SwipeType.cs using Guid(ec27c52de897f084d80bcbdbcf68d877) Importer(2089858483,934ff659095e30574adcf32a4c2f97b5) Generated GUIDs only implemented for interfaces!
 -> (artifact id: '334a8ec1cc19a991ef990981563e9d97') in 0.005869 seconds 
========================================================================
Received Import Request.
  Time since last request: 0.000035 seconds.
  path: Assets/Samples/XR Interaction Toolkit/0.10.0-preview.7/Default Input Actions/XRI Default Continuous Move.preset
  artifactKey: Guid(91f9da00cfdac5d49955df2d2d820b9c) Importer(2089858483,934ff659095e30574adcf32a4c2f97b5)
Start importing Assets/Samples/XR Interaction Toolkit/0.10.0-preview.7/Default Input Actions/XRI Default Continuous Move.preset using Guid(91f9da00cfdac5d49955df2d2d820b9c) Importer(2089858483,934ff659095e30574adcf32a4c2f97b5) Generated GUIDs only implemented for interfaces!
 -> (artifact id: '675beb77f52dd0e42a5e2df51b8627fe') in 0.009946 seconds 
========================================================================
Received Import Request.
  Time since last request: 0.000029 seconds.
  path: Assets/TextMesh Pro/Shaders/TMP_SDF-Mobile Masking.shader
  artifactKey: Guid(bc1ede39bf3643ee8e493720e4259791) Importer(2089858483,934ff659095e30574adcf32a4c2f97b5)
Start importing Assets/TextMesh Pro/Shaders/TMP_SDF-Mobile Masking.shader using Guid(bc1ede39bf3643ee8e493720e4259791) Importer(2089858483,934ff659095e30574adcf32a4c2f97b5) Generated GUIDs only implemented for interfaces!
 -> (artifact id: '01ce529e37e35c3f7706c5cbe130eb3d') in 0.006000 seconds 
========================================================================
Received Import Request.
  Time since last request: 0.000020 seconds.
  path: Assets/TextMesh Pro/Sprites/EmojiOne.json
  artifactKey: Guid(8f05276190cf498a8153f6cbe761d4e6) Importer(2089858483,934ff659095e30574adcf32a4c2f97b5)
Start importing Assets/TextMesh Pro/Sprites/EmojiOne.json using Guid(8f05276190cf498a8153f6cbe761d4e6) Importer(2089858483,934ff659095e30574adcf32a4c2f97b5) Generated GUIDs only implemented for interfaces!
 -> (artifact id: '09e5e470faedf6c4e445bb3784f3e3aa') in 0.006748 seconds 
========================================================================
Received Import Request.
  Time since last request: 0.000023 seconds.
  path: Assets/Keyboard/Sounds/p.wav
  artifactKey: Guid(970b06586a7c520409428b3905f3eed6) Importer(2089858483,934ff659095e30574adcf32a4c2f97b5)
Start importing Assets/Keyboard/Sounds/p.wav using Guid(970b06586a7c520409428b3905f3eed6) Importer(2089858483,934ff659095e30574adcf32a4c2f97b5) Generated GUIDs only implemented for interfaces!
 -> (artifact id: '4146f60d2549a701f6a535e605ec7e88') in 0.006119 seconds 
========================================================================
Received Import Request.
  Time since last request: 0.000015 seconds.
  path: Assets/XR/Loaders/Open XR Loader No Pre Init.asset
  artifactKey: Guid(fb0dbf582e8453f4385fff60ee3d4057) Importer(2089858483,934ff659095e30574adcf32a4c2f97b5)
Start importing Assets/XR/Loaders/Open XR Loader No Pre Init.asset using Guid(fb0dbf582e8453f4385fff60ee3d4057) Importer(2089858483,934ff659095e30574adcf32a4c2f97b5) Generated GUIDs only implemented for interfaces!
 -> (artifact id: '09b4ce692bab3d1fd9490b1a08035d1e') in 0.007538 seconds 
========================================================================
Received Import Request.
  Time since last request: 0.000020 seconds.
  path: Assets/TextMesh Pro/Resources/Style Sheets/Default Style Sheet.asset
  artifactKey: Guid(f952c082cb03451daed3ee968ac6c63e) Importer(2089858483,934ff659095e30574adcf32a4c2f97b5)
Start importing Assets/TextMesh Pro/Resources/Style Sheets/Default Style Sheet.asset using Guid(f952c082cb03451daed3ee968ac6c63e) Importer(2089858483,934ff659095e30574adcf32a4c2f97b5) Generated GUIDs only implemented for interfaces!
 -> (artifact id: 'f3f6b18d879bb2421ff504140136209b') in 0.006140 seconds 
========================================================================
Received Import Request.
  Time since last request: 0.000020 seconds.
  path: Assets/Keyboard/Sounds/a.wav
  artifactKey: Guid(181c0d96ad0c3a4479e5660129da3dbe) Importer(2089858483,934ff659095e30574adcf32a4c2f97b5)
Start importing Assets/Keyboard/Sounds/a.wav using Guid(181c0d96ad0c3a4479e5660129da3dbe) Importer(2089858483,934ff659095e30574adcf32a4c2f97b5) Generated GUIDs only implemented for interfaces!
 -> (artifact id: '62e18bbe1c94d549cb0d0880d547e633') in 0.007291 seconds 
========================================================================
Received Import Request.
  Time since last request: 0.000017 seconds.
  path: Assets/XR/Settings/OpenXR Package Settings.asset
  artifactKey: Guid(20e869af7879aa443b8139ed33f0376e) Importer(2089858483,934ff659095e30574adcf32a4c2f97b5)
Start importing Assets/XR/Settings/OpenXR Package Settings.asset using Guid(20e869af7879aa443b8139ed33f0376e) Importer(2089858483,934ff659095e30574adcf32a4c2f97b5) Generated GUIDs only implemented for interfaces!
 -> (artifact id: '92e60b34b428a778584a92363bcb1b4b') in 0.026041 seconds 
========================================================================
Received Import Request.
  Time since last request: 0.000015 seconds.
  path: Assets/Space/Textures/OrangeGreenGradient.png
  artifactKey: Guid(53691ec17d934a24fa5a343d34e31a26) Importer(2089858483,934ff659095e30574adcf32a4c2f97b5)
Start importing Assets/Space/Textures/OrangeGreenGradient.png using Guid(53691ec17d934a24fa5a343d34e31a26) Importer(2089858483,934ff659095e30574adcf32a4c2f97b5) Generated GUIDs only implemented for interfaces!
 -> (artifact id: '87dd230e315423b08c6822bd9ca921bf') in 0.022241 seconds 
========================================================================
Received Import Request.
  Time since last request: 0.000033 seconds.
  path: Assets/Third-party/Noto Sans/NotoSans-Regular.ttf
  artifactKey: Guid(7c734723e7cb3134e89b63cab302ef2a) Importer(2089858483,934ff659095e30574adcf32a4c2f97b5)
Start importing Assets/Third-party/Noto Sans/NotoSans-Regular.ttf using Guid(7c734723e7cb3134e89b63cab302ef2a) Importer(2089858483,934ff659095e30574adcf32a4c2f97b5) Generated GUIDs only implemented for interfaces!
 -> (artifact id: 'eec750bbd6ea70533210b2189eb2ecc2') in 0.011063 seconds 
========================================================================
Received Import Request.
  Time since last request: 0.000017 seconds.
  path: Assets/Keyboard/Scripts/AutoGrab.cs
  artifactKey: Guid(d049500891eb41b7ba162ddaab041408) Importer(2089858483,934ff659095e30574adcf32a4c2f97b5)
Start importing Assets/Keyboard/Scripts/AutoGrab.cs using Guid(d049500891eb41b7ba162ddaab041408) Importer(2089858483,934ff659095e30574adcf32a4c2f97b5) Generated GUIDs only implemented for interfaces!
 -> (artifact id: 'a578acd50a8ad5c054dea4c1dd85a1ae') in 0.006989 seconds 
========================================================================
Received Import Request.
  Time since last request: 0.000018 seconds.
  path: Assets/TextMesh Pro/Shaders/TMP_SDF Overlay.shader
  artifactKey: Guid(dd89cf5b9246416f84610a006f916af7) Importer(2089858483,934ff659095e30574adcf32a4c2f97b5)
Start importing Assets/TextMesh Pro/Shaders/TMP_SDF Overlay.shader using Guid(dd89cf5b9246416f84610a006f916af7) Importer(2089858483,934ff659095e30574adcf32a4c2f97b5) Generated GUIDs only implemented for interfaces!
 -> (artifact id: '488600538ffced883146c9d5d0cc33f8') in 0.006696 seconds 
========================================================================
Received Import Request.
  Time since last request: 0.000015 seconds.
  path: Assets/GUI/TextDistance.cs
  artifactKey: Guid(7cbab3b2b99e4278910c64243ea5cd13) Importer(2089858483,934ff659095e30574adcf32a4c2f97b5)
Start importing Assets/GUI/TextDistance.cs using Guid(7cbab3b2b99e4278910c64243ea5cd13) Importer(2089858483,934ff659095e30574adcf32a4c2f97b5) Generated GUIDs only implemented for interfaces!
 -> (artifact id: '479f7169a10eb783146d72e12db6342d') in 0.006123 seconds 
========================================================================
Received Import Request.
  Time since last request: 0.000019 seconds.
  path: Assets/Keyboard/Sounds/3.wav
  artifactKey: Guid(651f80a446026af48946c954cdb075f2) Importer(2089858483,934ff659095e30574adcf32a4c2f97b5)
Start importing Assets/Keyboard/Sounds/3.wav using Guid(651f80a446026af48946c954cdb075f2) Importer(2089858483,934ff659095e30574adcf32a4c2f97b5) Generated GUIDs only implemented for interfaces!
 -> (artifact id: 'c17edf1720b0a2eb25e74dd81b49dd5e') in 0.006210 seconds 
========================================================================
Received Prepare
Refreshing native plugins compatible for Editor in 6.15 ms, found 11 plugins.
Preloading 1 native plugins for Editor in 0.12 ms.
Unloading 28 Unused Serialized files (Serialized files now loaded: 0)
Unloading 28 unused Assets / (21.9 KB). Loaded Objects now: 2940.
Memory consumption went from 52.8 MB to 52.8 MB.
Total: 3.890800 ms (FindLiveObjects: 0.167400 ms CreateObjectMapping: 0.088100 ms MarkObjects: 3.524800 ms  DeleteObjects: 0.109300 ms)

AssetImportParameters requested are different than current active one (requested -> active):
  custom:video-decoder-ogg-theora: a1e56fd34408186e4bbccfd4996cb3dc -> 
  custom:container-muxer-webm: aa71ff27fc2769a1b78a27578f13a17b -> 
  custom:container-demuxer-webm: 4f35f7cbe854078d1ac9338744f61a02 -> 
  custom:video-encoder-webm-vp8: eb34c28f22e8b96e1ab97ce403110664 -> 
  custom:audio-encoder-webm-vorbis: bf7c407c2cedff20999df2af8eb42d56 -> 
  custom:framework-win-MediaFoundation: 216162199b28c13a410421893ffa2e32 -> 
  custom:SearchIndexIgnoredProperties: e643bd26f0fe6173181afceb89e7c659 -> 
  custom:container-demuxer-ogg: 62fdf1f143b41e24485cea50d1cbac27 -> 
  custom:video-decoder-webm-vp8: 9c59270c3fd7afecdb556c50c9e8de78 -> 
  custom:audio-decoder-ogg-vorbis: bf7c407c2cedff20999df2af8eb42d56 -> 
Editor requested this worker to shutdown with reason: Scaling down because of idle timeout
AssetImportWorker is now disconnected from the server
Process exiting
Exiting without the bug reporter. Application will terminate with return code 0