Using pre-set license
Built from '2021.3/staging' branch; Version is '2021.3.1f1 (3b70a0754835) revision 3895456'; Using compiler version '192829333'; Build Type 'Release'
OS: 'Windows 11  (10.0.22000) 64bit Education' Language: 'en' Physical Memory: 16293 MB
BatchMode: 1, IsHumanControllingUs: 0, StartBugReporterOnCrash: 0, Is64bit: 1, IsPro: 1

COMMAND LINE ARGUMENTS:
C:\Program Files\Unity\Hub\Editor\2021.3.1f1\Editor\Unity.exe
-adb2
-batchMode
-noUpm
-name
AssetImportWorker0
-projectPath
C:/Users/Ethan/workspace/CutieKeys
-logFile
Logs/AssetImportWorker0.log
-srvPort
64307
Successfully changed project path to: C:/Users/Ethan/workspace/CutieKeys
C:/Users/Ethan/workspace/CutieKeys
[UnityMemory] Configuration Parameters - Can be set up in boot.config
    "memorysetup-bucket-allocator-granularity=16"
    "memorysetup-bucket-allocator-bucket-count=8"
    "memorysetup-bucket-allocator-block-size=33554432"
    "memorysetup-bucket-allocator-block-count=8"
    "memorysetup-main-allocator-block-size=16777216"
    "memorysetup-thread-allocator-block-size=16777216"
    "memorysetup-gfx-main-allocator-block-size=16777216"
    "memorysetup-gfx-thread-allocator-block-size=16777216"
    "memorysetup-cache-allocator-block-size=4194304"
    "memorysetup-typetree-allocator-block-size=2097152"
    "memorysetup-profiler-bucket-allocator-granularity=16"
    "memorysetup-profiler-bucket-allocator-bucket-count=8"
    "memorysetup-profiler-bucket-allocator-block-size=33554432"
    "memorysetup-profiler-bucket-allocator-block-count=8"
    "memorysetup-profiler-allocator-block-size=16777216"
    "memorysetup-profiler-editor-allocator-block-size=1048576"
    "memorysetup-temp-allocator-size-main=16777216"
    "memorysetup-job-temp-allocator-block-size=2097152"
    "memorysetup-job-temp-allocator-block-size-background=1048576"
    "memorysetup-job-temp-allocator-reduction-small-platforms=262144"
    "memorysetup-temp-allocator-size-background-worker=32768"
    "memorysetup-temp-allocator-size-job-worker=262144"
    "memorysetup-temp-allocator-size-preload-manager=33554432"
    "memorysetup-temp-allocator-size-nav-mesh-worker=65536"
    "memorysetup-temp-allocator-size-audio-worker=65536"
    "memorysetup-temp-allocator-size-cloud-worker=32768"
    "memorysetup-temp-allocator-size-gi-baking-worker=262144"
    "memorysetup-temp-allocator-size-gfx=262144"
Refreshing native plugins compatible for Editor in 45.34 ms, found 6 plugins.
Preloading 1 native plugins for Editor in 0.89 ms.
Initialize engine version: 2021.3.1f1 (3b70a0754835)
[Subsystems] Discovering subsystems at path C:/Program Files/Unity/Hub/Editor/2021.3.1f1/Editor/Data/Resources/UnitySubsystems
[Subsystems] Discovering subsystems at path C:/Users/Ethan/workspace/CutieKeys/Assets
GfxDevice: creating device client; threaded=0; jobified=0
Direct3D:
    Version:  Direct3D 11.0 [level 11.1]
    Renderer: AMD Radeon RX 6800 XT (ID=0x73bf)
    Vendor:   ATI
    VRAM:     16337 MB
    Driver:   30.0.15021.1001
Initialize mono
Mono path[0] = 'C:/Program Files/Unity/Hub/Editor/2021.3.1f1/Editor/Data/Managed'
Mono path[1] = 'C:/Program Files/Unity/Hub/Editor/2021.3.1f1/Editor/Data/MonoBleedingEdge/lib/mono/unityjit-win32'
Mono config path = 'C:/Program Files/Unity/Hub/Editor/2021.3.1f1/Editor/Data/MonoBleedingEdge/etc'
Using monoOptions --debugger-agent=transport=dt_socket,embedding=1,server=y,suspend=n,address=127.0.0.1:56808
Begin MonoManager ReloadAssembly
Registering precompiled unity dll's ...
Register platform support module: C:/Program Files/Unity/Hub/Editor/2021.3.1f1/Editor/Data/PlaybackEngines/AndroidPlayer/UnityEditor.Android.Extensions.dll
Register platform support module: C:/Program Files/Unity/Hub/Editor/2021.3.1f1/Editor/Data/PlaybackEngines/WindowsStandaloneSupport/UnityEditor.WindowsStandalone.Extensions.dll
Registered in 0.005729 seconds.
Native extension for WindowsStandalone target not found
Native extension for Android target not found
Refreshing native plugins compatible for Editor in 27.29 ms, found 6 plugins.
Preloading 1 native plugins for Editor in 0.10 ms.
Mono: successfully reloaded assembly
- Completed reload, in  0.548 seconds
Domain Reload Profiling:
	ReloadAssembly (548ms)
		BeginReloadAssembly (63ms)
			ExecutionOrderSort (0ms)
			DisableScriptedObjects (0ms)
			BackupInstance (0ms)
			ReleaseScriptingObjects (0ms)
			CreateAndSetChildDomain (1ms)
		EndReloadAssembly (379ms)
			LoadAssemblies (62ms)
			RebuildTransferFunctionScriptingTraits (0ms)
			SetupTypeCache (117ms)
			ReleaseScriptCaches (0ms)
			RebuildScriptCaches (22ms)
			SetupLoadedEditorAssemblies (186ms)
				LogAssemblyErrors (0ms)
				InitializePlatformSupportModulesInManaged (45ms)
				SetLoadedEditorAssemblies (0ms)
				RefreshPlugins (28ms)
				BeforeProcessingInitializeOnLoad (1ms)
				ProcessInitializeOnLoadAttributes (77ms)
				ProcessInitializeOnLoadMethodAttributes (36ms)
				AfterProcessingInitializeOnLoad (0ms)
				EditorAssembliesLoaded (0ms)
			ExecutionOrderSort2 (0ms)
			AwakeInstancesAfterBackupRestoration (0ms)
Platform modules already initialized, skipping
Registering precompiled user dll's ...
Registered in 0.002592 seconds.
Begin MonoManager ReloadAssembly
Symbol file LoadedFromMemory is not a mono symbol file
Native extension for WindowsStandalone target not found
Native extension for Android target not found
Refreshing native plugins compatible for Editor in 30.04 ms, found 6 plugins.
Preloading 1 native plugins for Editor in 0.08 ms.
Package Manager log level set to [2]
System.Reflection.TargetInvocationException: Exception has been thrown by the target of an invocation. ---> System.NullReferenceException: Object reference not set to an instance of an object
  at Unity.XR.Oculus.OculusLoader.AssetPathToAbsolutePath (System.String assetPath) [0x0003d] in C:\Users\Ethan\workspace\CutieKeys\Library\PackageCache\com.unity.xr.oculus@3.0.0\Runtime\OculusLoader.cs:257 
  at Unity.XR.Oculus.OculusLoader.EditorLoadOVRPlugin () [0x0007b] in C:\Users\Ethan\workspace\CutieKeys\Library\PackageCache\com.unity.xr.oculus@3.0.0\Runtime\OculusLoader.cs:242 
  at (wrapper managed-to-native) System.Reflection.RuntimeMethodInfo.InternalInvoke(System.Reflection.RuntimeMethodInfo,object,object[],System.Exception&)
  at System.Reflection.RuntimeMethodInfo.Invoke (System.Object obj, System.Reflection.BindingFlags invokeAttr, System.Reflection.Binder binder, System.Object[] parameters, System.Globalization.CultureInfo culture) [0x0006a] in <6073cf49ed704e958b8a66d540dea948>:0 
   --- End of inner exception stack trace ---
  at System.Reflection.RuntimeMethodInfo.Invoke (System.Object obj, System.Reflection.BindingFlags invokeAttr, System.Reflection.Binder binder, System.Object[] parameters, System.Globalization.CultureInfo culture) [0x00083] in <6073cf49ed704e958b8a66d540dea948>:0 
  at System.Reflection.MethodBase.Invoke (System.Object obj, System.Object[] parameters) [0x00000] in <6073cf49ed704e958b8a66d540dea948>:0 
  at UnityEditor.EditorAssemblies.ProcessInitializeOnLoadMethodAttributes () [0x000a5] in <1135c66e5f4c41a7831fa5798849d8b6>:0 
UnityEngine.StackTraceUtility:ExtractStackTrace ()
UnityEngine.DebugLogHandler:LogFormat (UnityEngine.LogType,UnityEngine.Object,string,object[])
UnityEngine.Logger:Log (UnityEngine.LogType,object)
UnityEngine.Debug:LogError (object)
UnityEditor.EditorAssemblies:ProcessInitializeOnLoadMethodAttributes ()

Mono: successfully reloaded assembly
- Completed reload, in  0.901 seconds
Domain Reload Profiling:
	ReloadAssembly (902ms)
		BeginReloadAssembly (181ms)
			ExecutionOrderSort (0ms)
			DisableScriptedObjects (4ms)
			BackupInstance (0ms)
			ReleaseScriptingObjects (0ms)
			CreateAndSetChildDomain (116ms)
		EndReloadAssembly (636ms)
			LoadAssemblies (66ms)
			RebuildTransferFunctionScriptingTraits (0ms)
			SetupTypeCache (183ms)
			ReleaseScriptCaches (0ms)
			RebuildScriptCaches (35ms)
			SetupLoadedEditorAssemblies (309ms)
				LogAssemblyErrors (0ms)
				InitializePlatformSupportModulesInManaged (11ms)
				SetLoadedEditorAssemblies (0ms)
				RefreshPlugins (30ms)
				BeforeProcessingInitializeOnLoad (44ms)
				ProcessInitializeOnLoadAttributes (198ms)
				ProcessInitializeOnLoadMethodAttributes (20ms)
				AfterProcessingInitializeOnLoad (5ms)
				EditorAssembliesLoaded (0ms)
			ExecutionOrderSort2 (0ms)
			AwakeInstancesAfterBackupRestoration (4ms)
Platform modules already initialized, skipping
========================================================================
Worker process is ready to serve import requests
Launched and connected shader compiler UnityShaderCompiler.exe after 0.04 seconds
Refreshing native plugins compatible for Editor in 0.45 ms, found 6 plugins.
Preloading 1 native plugins for Editor in 0.07 ms.
Unloading 2112 Unused Serialized files (Serialized files now loaded: 0)
Unloading 21 unused Assets / (56.0 KB). Loaded Objects now: 2584.
Memory consumption went from 89.0 MB to 89.0 MB.
Total: 2.553800 ms (FindLiveObjects: 0.124800 ms CreateObjectMapping: 0.047200 ms MarkObjects: 2.335700 ms  DeleteObjects: 0.045700 ms)

AssetImportParameters requested are different than current active one (requested -> active):
  custom:video-decoder-ogg-theora: a1e56fd34408186e4bbccfd4996cb3dc -> 
  custom:container-muxer-webm: aa71ff27fc2769a1b78a27578f13a17b -> 
  custom:container-demuxer-webm: 4f35f7cbe854078d1ac9338744f61a02 -> 
  custom:video-encoder-webm-vp8: eb34c28f22e8b96e1ab97ce403110664 -> 
  custom:audio-encoder-webm-vorbis: bf7c407c2cedff20999df2af8eb42d56 -> 
  custom:framework-win-MediaFoundation: 216162199b28c13a410421893ffa2e32 -> 
  custom:container-demuxer-ogg: 62fdf1f143b41e24485cea50d1cbac27 -> 
  custom:video-decoder-webm-vp8: 9c59270c3fd7afecdb556c50c9e8de78 -> 
  custom:audio-decoder-ogg-vorbis: bf7c407c2cedff20999df2af8eb42d56 -> 
========================================================================
Received Import Request.
  Time since last request: 1323428.279309 seconds.
  path: Assets/Samples/XR Interaction Toolkit
  artifactKey: Guid(fc7053d86b380434f89f4afc33c72242) Importer(815301076,1909f56bfc062723c751e8b465ee728b)
Start importing Assets/Samples/XR Interaction Toolkit using Guid(fc7053d86b380434f89f4afc33c72242) Importer(815301076,1909f56bfc062723c751e8b465ee728b)  -> (artifact id: 'b1d00f9415efc8421081a3f618926788') in 0.008126 seconds 
========================================================================
Received Import Request.
  Time since last request: 0.664060 seconds.
  path: Assets/Samples/XR Interaction Toolkit/0.10.0-preview.7
  artifactKey: Guid(3ad54022acc3e5f409687ea5a1ea00b8) Importer(815301076,1909f56bfc062723c751e8b465ee728b)
Start importing Assets/Samples/XR Interaction Toolkit/0.10.0-preview.7 using Guid(3ad54022acc3e5f409687ea5a1ea00b8) Importer(815301076,1909f56bfc062723c751e8b465ee728b)  -> (artifact id: 'd7b497e353fbce2a6d495a09cf313385') in 0.004334 seconds 
========================================================================
Received Import Request.
  Time since last request: 2.183712 seconds.
  path: Assets/Samples/XR Interaction Toolkit/0.10.0-preview.7/XR Device Simulator
  artifactKey: Guid(7146b36ccf620d84e8501737396fe5af) Importer(815301076,1909f56bfc062723c751e8b465ee728b)
Start importing Assets/Samples/XR Interaction Toolkit/0.10.0-preview.7/XR Device Simulator using Guid(7146b36ccf620d84e8501737396fe5af) Importer(815301076,1909f56bfc062723c751e8b465ee728b)  -> (artifact id: 'de7b0c49e20aae8cc1243ebe07e47ba3') in 0.004883 seconds 
========================================================================
Received Import Request.
  Time since last request: 0.118861 seconds.
  path: Assets/Samples/XR Interaction Toolkit/0.10.0-preview.7/XR Device Simulator/XR Device Simulator Controls.inputactions
  artifactKey: Guid(da2b439d1a2de5c46a4f428f8cf4fe19) Importer(815301076,1909f56bfc062723c751e8b465ee728b)
Start importing Assets/Samples/XR Interaction Toolkit/0.10.0-preview.7/XR Device Simulator/XR Device Simulator Controls.inputactions using Guid(da2b439d1a2de5c46a4f428f8cf4fe19) Importer(815301076,1909f56bfc062723c751e8b465ee728b)  -> (artifact id: '9ef4fd240927b9bb7699b42ed01a36b7') in 0.025978 seconds 
========================================================================
Received Import Request.
  Time since last request: 2.602045 seconds.
  path: Assets/Samples/XR Interaction Toolkit/0.10.0-preview.7/Default Input Actions
  artifactKey: Guid(5de1b264df78896409105e8117a79369) Importer(815301076,1909f56bfc062723c751e8b465ee728b)
Start importing Assets/Samples/XR Interaction Toolkit/0.10.0-preview.7/Default Input Actions using Guid(5de1b264df78896409105e8117a79369) Importer(815301076,1909f56bfc062723c751e8b465ee728b)  -> (artifact id: '786f3f2542fb1455c38965cbe5f409e6') in 0.004225 seconds 
========================================================================
Received Import Request.
  Time since last request: 0.116192 seconds.
  path: Assets/Samples/XR Interaction Toolkit/0.10.0-preview.7/Default Input Actions/XRI Default Continuous Move.preset
  artifactKey: Guid(91f9da00cfdac5d49955df2d2d820b9c) Importer(815301076,1909f56bfc062723c751e8b465ee728b)
Start importing Assets/Samples/XR Interaction Toolkit/0.10.0-preview.7/Default Input Actions/XRI Default Continuous Move.preset using Guid(91f9da00cfdac5d49955df2d2d820b9c) Importer(815301076,1909f56bfc062723c751e8b465ee728b)  -> (artifact id: '80bd2ecd4112e3c3015c6addeb89fea4') in 0.008945 seconds 
========================================================================
Received Import Request.
  Time since last request: 0.000015 seconds.
  path: Assets/Samples/XR Interaction Toolkit/0.10.0-preview.7/Default Input Actions/XRI Default Input Actions.inputactions
  artifactKey: Guid(c348712bda248c246b8c49b3db54643f) Importer(815301076,1909f56bfc062723c751e8b465ee728b)
Start importing Assets/Samples/XR Interaction Toolkit/0.10.0-preview.7/Default Input Actions/XRI Default Input Actions.inputactions using Guid(c348712bda248c246b8c49b3db54643f) Importer(815301076,1909f56bfc062723c751e8b465ee728b)  -> (artifact id: 'acbf788bf15ea69af7cff34e63b9422a') in 0.011318 seconds 
========================================================================
Received Import Request.
  Time since last request: 0.000013 seconds.
  path: Assets/Samples/XR Interaction Toolkit/0.10.0-preview.7/Default Input Actions/XRI Default Right Controller.preset
  artifactKey: Guid(1421ad86ff3787b4dae70fe9e699a25f) Importer(815301076,1909f56bfc062723c751e8b465ee728b)
Start importing Assets/Samples/XR Interaction Toolkit/0.10.0-preview.7/Default Input Actions/XRI Default Right Controller.preset using Guid(1421ad86ff3787b4dae70fe9e699a25f) Importer(815301076,1909f56bfc062723c751e8b465ee728b)  -> (artifact id: '36d9905fdcc7570b9f61660ef3a82eee') in 0.007173 seconds 
========================================================================
Received Import Request.
  Time since last request: 27.173905 seconds.
  path: Assets/XR/Loaders/Oculus Loader.asset
  artifactKey: Guid(a4472174a3e36a843b6d4d3cb85b9cb3) Importer(815301076,1909f56bfc062723c751e8b465ee728b)
Start importing Assets/XR/Loaders/Oculus Loader.asset using Guid(a4472174a3e36a843b6d4d3cb85b9cb3) Importer(815301076,1909f56bfc062723c751e8b465ee728b)  -> (artifact id: '5c044598607799e5df3554e16dad7925') in 0.007039 seconds 
========================================================================
Received Import Request.
  Time since last request: 0.908812 seconds.
  path: Assets/XR/Settings/Oculus Settings.asset
  artifactKey: Guid(da25895028347c649a1bded9bc7f52f7) Importer(815301076,1909f56bfc062723c751e8b465ee728b)
Start importing Assets/XR/Settings/Oculus Settings.asset using Guid(da25895028347c649a1bded9bc7f52f7) Importer(815301076,1909f56bfc062723c751e8b465ee728b)  -> (artifact id: '6ed366bd9edeb59206acfbe2007ef5ac') in 0.004432 seconds 
========================================================================
Received Import Request.
  Time since last request: 2.333827 seconds.
  path: Assets/Third-party/Noto Sans/NotoSans-Regular.ttf
  artifactKey: Guid(7c734723e7cb3134e89b63cab302ef2a) Importer(815301076,1909f56bfc062723c751e8b465ee728b)
Start importing Assets/Third-party/Noto Sans/NotoSans-Regular.ttf using Guid(7c734723e7cb3134e89b63cab302ef2a) Importer(815301076,1909f56bfc062723c751e8b465ee728b)  -> (artifact id: '053f7e70c874e0ab5d8e1ed214543c4f') in 0.073780 seconds 
========================================================================
Received Import Request.
  Time since last request: 1.759166 seconds.
  path: Assets/Space/Materials/Grass1.mat
  artifactKey: Guid(9bc0681c388a61046829144ef2405a5d) Importer(815301076,1909f56bfc062723c751e8b465ee728b)
Start importing Assets/Space/Materials/Grass1.mat using Guid(9bc0681c388a61046829144ef2405a5d) Importer(815301076,1909f56bfc062723c751e8b465ee728b)  -> (artifact id: '4ecb584398d5150fc4b77d5047739b07') in 0.125995 seconds 
========================================================================
Received Import Request.
  Time since last request: 0.467749 seconds.
  path: Assets/Space/Textures/GroundGradient.png
  artifactKey: Guid(80df6f334234c384db279d1b3bb3abaa) Importer(815301076,1909f56bfc062723c751e8b465ee728b)
Start importing Assets/Space/Textures/GroundGradient.png using Guid(80df6f334234c384db279d1b3bb3abaa) Importer(815301076,1909f56bfc062723c751e8b465ee728b)  -> (artifact id: '2a64e46f0605bb8fc151e4d962968366') in 0.016636 seconds 
========================================================================
Received Import Request.
  Time since last request: 0.000014 seconds.
  path: Assets/Space/Textures/YellowOrangeGradient.png
  artifactKey: Guid(02acd6a445137ab40ae02699dad2af95) Importer(815301076,1909f56bfc062723c751e8b465ee728b)
Start importing Assets/Space/Textures/YellowOrangeGradient.png using Guid(02acd6a445137ab40ae02699dad2af95) Importer(815301076,1909f56bfc062723c751e8b465ee728b)  -> (artifact id: '501569daef9d82fe2641b71854e94ff0') in 0.010920 seconds 
========================================================================
Received Import Request.
  Time since last request: 0.000019 seconds.
  path: Assets/Space/Textures/OrangeGreenGradient.png
  artifactKey: Guid(53691ec17d934a24fa5a343d34e31a26) Importer(815301076,1909f56bfc062723c751e8b465ee728b)
Start importing Assets/Space/Textures/OrangeGreenGradient.png using Guid(53691ec17d934a24fa5a343d34e31a26) Importer(815301076,1909f56bfc062723c751e8b465ee728b)  -> (artifact id: '7711ec7b20b73d1253dc0fb3bbd888cd') in 0.008319 seconds 
========================================================================
Received Import Request.
  Time since last request: 7.359717 seconds.
  path: Assets/Keyboard/Sounds/1.wav
  artifactKey: Guid(f2ae6e7540bc020488ee1a5a5b2c202c) Importer(815301076,1909f56bfc062723c751e8b465ee728b)
Start importing Assets/Keyboard/Sounds/1.wav using Guid(f2ae6e7540bc020488ee1a5a5b2c202c) Importer(815301076,1909f56bfc062723c751e8b465ee728b)  -> (artifact id: '6d5f1a043eb4e3809e6d270f57aa9de4') in 0.020974 seconds 
========================================================================
Received Import Request.
  Time since last request: 0.000015 seconds.
  path: Assets/Keyboard/Sounds/r.wav
  artifactKey: Guid(6763f050707cf804c9e9c392cd709484) Importer(815301076,1909f56bfc062723c751e8b465ee728b)
Start importing Assets/Keyboard/Sounds/r.wav using Guid(6763f050707cf804c9e9c392cd709484) Importer(815301076,1909f56bfc062723c751e8b465ee728b)  -> (artifact id: '688ffd9f33bf0bd134c3924a984e361f') in 0.009063 seconds 
========================================================================
Received Import Request.
  Time since last request: 0.000016 seconds.
  path: Assets/Keyboard/Sounds/7.wav
  artifactKey: Guid(c43eab1ee107c314e820abd1f4cea9ec) Importer(815301076,1909f56bfc062723c751e8b465ee728b)
Start importing Assets/Keyboard/Sounds/7.wav using Guid(c43eab1ee107c314e820abd1f4cea9ec) Importer(815301076,1909f56bfc062723c751e8b465ee728b)  -> (artifact id: 'fbda99558609e2d9932d501d418f796e') in 0.010980 seconds 
========================================================================
Received Import Request.
  Time since last request: 0.000014 seconds.
  path: Assets/Keyboard/Sounds/u.wav
  artifactKey: Guid(b9f60fca9bdbee6429fc9ab30f4d51ce) Importer(815301076,1909f56bfc062723c751e8b465ee728b)
Start importing Assets/Keyboard/Sounds/u.wav using Guid(b9f60fca9bdbee6429fc9ab30f4d51ce) Importer(815301076,1909f56bfc062723c751e8b465ee728b)  -> (artifact id: '7c4380d1f1a0156955aca1588003bc7e') in 0.009164 seconds 
========================================================================
Received Import Request.
  Time since last request: 0.000014 seconds.
  path: Assets/Keyboard/Sounds/j.wav
  artifactKey: Guid(e19e499d653808f4ca968d1ac2bda02d) Importer(815301076,1909f56bfc062723c751e8b465ee728b)
Start importing Assets/Keyboard/Sounds/j.wav using Guid(e19e499d653808f4ca968d1ac2bda02d) Importer(815301076,1909f56bfc062723c751e8b465ee728b)  -> (artifact id: '42406f99d96fe20ad71aab9e0331b3d3') in 0.009234 seconds 
========================================================================
Received Import Request.
  Time since last request: 0.000018 seconds.
  path: Assets/Keyboard/Sounds/h.wav
  artifactKey: Guid(2d4547c6d7e2c2341af37addf79eba39) Importer(815301076,1909f56bfc062723c751e8b465ee728b)
Start importing Assets/Keyboard/Sounds/h.wav using Guid(2d4547c6d7e2c2341af37addf79eba39) Importer(815301076,1909f56bfc062723c751e8b465ee728b)  -> (artifact id: '3d88d5d3a1b43818937a3dc8ec0d8aca') in 0.008693 seconds 
========================================================================
Received Import Request.
  Time since last request: 0.000018 seconds.
  path: Assets/Keyboard/Sounds/i.wav
  artifactKey: Guid(b2da2d2ecb05a94449d43f4534ca491e) Importer(815301076,1909f56bfc062723c751e8b465ee728b)
Start importing Assets/Keyboard/Sounds/i.wav using Guid(b2da2d2ecb05a94449d43f4534ca491e) Importer(815301076,1909f56bfc062723c751e8b465ee728b)  -> (artifact id: '060feb023239383037e1e41c71e1fcd4') in 0.008899 seconds 
========================================================================
Received Import Request.
  Time since last request: 0.000020 seconds.
  path: Assets/Keyboard/Sounds/b.wav
  artifactKey: Guid(9a5bb16f2a664174fa9ba4b3beccf0af) Importer(815301076,1909f56bfc062723c751e8b465ee728b)
Start importing Assets/Keyboard/Sounds/b.wav using Guid(9a5bb16f2a664174fa9ba4b3beccf0af) Importer(815301076,1909f56bfc062723c751e8b465ee728b)  -> (artifact id: 'fc3b47b31e4635b374b023839e4ce3de') in 0.011798 seconds 
========================================================================
Received Import Request.
  Time since last request: 0.000018 seconds.
  path: Assets/Keyboard/Sounds/d.wav
  artifactKey: Guid(383878826c07e064bbf71cdb81345fcd) Importer(815301076,1909f56bfc062723c751e8b465ee728b)
Start importing Assets/Keyboard/Sounds/d.wav using Guid(383878826c07e064bbf71cdb81345fcd) Importer(815301076,1909f56bfc062723c751e8b465ee728b)  -> (artifact id: '2a8c04afb67e691cc084fc9815f85371') in 0.011553 seconds 
========================================================================
Received Import Request.
  Time since last request: 0.000016 seconds.
  path: Assets/Keyboard/Sounds/v.wav
  artifactKey: Guid(307366c83b8d31e4da700e6f2954d3ed) Importer(815301076,1909f56bfc062723c751e8b465ee728b)
Start importing Assets/Keyboard/Sounds/v.wav using Guid(307366c83b8d31e4da700e6f2954d3ed) Importer(815301076,1909f56bfc062723c751e8b465ee728b)  -> (artifact id: '9b78f9f6e702545552bccb1d4827bcf2') in 0.008724 seconds 
========================================================================
Received Import Request.
  Time since last request: 0.000016 seconds.
  path: Assets/Keyboard/Sounds/ch-ka.wav
  artifactKey: Guid(f6856e9321ab9f549abe0bce17eddc9b) Importer(815301076,1909f56bfc062723c751e8b465ee728b)
Start importing Assets/Keyboard/Sounds/ch-ka.wav using Guid(f6856e9321ab9f549abe0bce17eddc9b) Importer(815301076,1909f56bfc062723c751e8b465ee728b)  -> (artifact id: '55ea9337339fbec012f3dec6e31afdf1') in 0.009192 seconds 
========================================================================
Received Import Request.
  Time since last request: 0.000021 seconds.
  path: Assets/Keyboard/Sounds/t.wav
  artifactKey: Guid(1d833171a5fbfdb44a8a335ad49972c2) Importer(815301076,1909f56bfc062723c751e8b465ee728b)
Start importing Assets/Keyboard/Sounds/t.wav using Guid(1d833171a5fbfdb44a8a335ad49972c2) Importer(815301076,1909f56bfc062723c751e8b465ee728b)  -> (artifact id: 'eb1bb9ada6e70a5754ef149c2a90d34a') in 0.008579 seconds 
Editor requested this worker to shutdown with reason: Scaling down because of idle timeout
AssetImportWorker is now disconnected from the server
Process exiting
Exiting without the bug reporter. Application will terminate with return code 0